Using pre-set license
Built from '2021.3/release' branch; Version is '2021.3.17f1 (3e8111cac19d) revision 4096273'; Using compiler version '192829333'; Build Type 'Release'
OS: 'Windows 11  (10.0.22621) 64bit Core' Language: 'en' Physical Memory: 16224 MB
BatchMode: 1, IsHumanControllingUs: 0, StartBugReporterOnCrash: 0, Is64bit: 1, IsPro: 1

COMMAND LINE ARGUMENTS:
C:\Program Files\Unity\Hub\Editor\2021.3.17f1\Editor\Unity.exe
-adb2
-batchMode
-noUpm
-name
AssetImportWorker1
-projectPath
C:/Users/carso/OneDrive/Desktop/Unity Games/Noir Heist
-logFile
Logs/AssetImportWorker1.log
-srvPort
49523
Successfully changed project path to: C:/Users/carso/OneDrive/Desktop/Unity Games/Noir Heist
C:/Users/carso/OneDrive/Desktop/Unity Games/Noir Heist
[UnityMemory] Configuration Parameters - Can be set up in boot.config
    "memorysetup-bucket-allocator-granularity=16"
    "memorysetup-bucket-allocator-bucket-count=8"
    "memorysetup-bucket-allocator-block-size=33554432"
    "memorysetup-bucket-allocator-block-count=8"
    "memorysetup-main-allocator-block-size=16777216"
    "memorysetup-thread-allocator-block-size=16777216"
    "memorysetup-gfx-main-allocator-block-size=16777216"
    "memorysetup-gfx-thread-allocator-block-size=16777216"
    "memorysetup-cache-allocator-block-size=4194304"
    "memorysetup-typetree-allocator-block-size=2097152"
    "memorysetup-profiler-bucket-allocator-granularity=16"
    "memorysetup-profiler-bucket-allocator-bucket-count=8"
    "memorysetup-profiler-bucket-allocator-block-size=33554432"
    "memorysetup-profiler-bucket-allocator-block-count=8"
    "memorysetup-profiler-allocator-block-size=16777216"
    "memorysetup-profiler-editor-allocator-block-size=1048576"
    "memorysetup-temp-allocator-size-main=16777216"
    "memorysetup-job-temp-allocator-block-size=2097152"
    "memorysetup-job-temp-allocator-block-size-background=1048576"
    "memorysetup-job-temp-allocator-reduction-small-platforms=262144"
    "memorysetup-temp-allocator-size-background-worker=32768"
    "memorysetup-temp-allocator-size-job-worker=262144"
    "memorysetup-temp-allocator-size-preload-manager=33554432"
    "memorysetup-temp-allocator-size-nav-mesh-worker=65536"
    "memorysetup-temp-allocator-size-audio-worker=65536"
    "memorysetup-temp-allocator-size-cloud-worker=32768"
    "memorysetup-temp-allocator-size-gi-baking-worker=262144"
    "memorysetup-temp-allocator-size-gfx=262144"
Player connection [32748] Host "[IP] 10.127.72.58 [Port] 0 [Flags] 2 [Guid] 557725888 [EditorId] 557725888 [Version] 1048832 [Id] WindowsEditor(7,BeepBeepBoop) [Debug] 1 [PackageName] WindowsEditor [ProjectName] Editor" joined multi-casting on [225.0.0.222:54997]...

Player connection [32748] Host "[IP] 10.127.72.58 [Port] 0 [Flags] 2 [Guid] 557725888 [EditorId] 557725888 [Version] 1048832 [Id] WindowsEditor(7,BeepBeepBoop) [Debug] 1 [PackageName] WindowsEditor [ProjectName] Editor" joined alternative multi-casting on [225.0.0.222:34997]...

Refreshing native plugins compatible for Editor in 54.28 ms, found 3 plugins.
Preloading 0 native plugins for Editor in 0.00 ms.
Initialize engine version: 2021.3.17f1 (3e8111cac19d)
[Subsystems] Discovering subsystems at path C:/Program Files/Unity/Hub/Editor/2021.3.17f1/Editor/Data/Resources/UnitySubsystems
[Subsystems] Discovering subsystems at path C:/Users/carso/OneDrive/Desktop/Unity Games/Noir Heist/Assets
GfxDevice: creating device client; threaded=0; jobified=0
Direct3D:
    Version:  Direct3D 11.0 [level 11.1]
    Renderer: NVIDIA GeForce RTX 3060 Ti (ID=0x2489)
    Vendor:   NVIDIA
    VRAM:     8050 MB
    Driver:   31.0.15.1694
Initialize mono
Mono path[0] = 'C:/Program Files/Unity/Hub/Editor/2021.3.17f1/Editor/Data/Managed'
Mono path[1] = 'C:/Program Files/Unity/Hub/Editor/2021.3.17f1/Editor/Data/MonoBleedingEdge/lib/mono/unityjit-win32'
Mono config path = 'C:/Program Files/Unity/Hub/Editor/2021.3.17f1/Editor/Data/MonoBleedingEdge/etc'
Using monoOptions --debugger-agent=transport=dt_socket,embedding=1,server=y,suspend=n,address=127.0.0.1:56940
Begin MonoManager ReloadAssembly
Registering precompiled unity dll's ...
Register platform support module: C:/Program Files/Unity/Hub/Editor/2021.3.17f1/Editor/Data/PlaybackEngines/WindowsStandaloneSupport/UnityEditor.WindowsStandalone.Extensions.dll
Registered in 0.003065 seconds.
Native extension for WindowsStandalone target not found
Refreshing native plugins compatible for Editor in 65.39 ms, found 3 plugins.
Preloading 0 native plugins for Editor in 0.00 ms.
Mono: successfully reloaded assembly
- Completed reload, in  0.557 seconds
Domain Reload Profiling:
	ReloadAssembly (557ms)
		BeginReloadAssembly (68ms)
			ExecutionOrderSort (0ms)
			DisableScriptedObjects (0ms)
			BackupInstance (0ms)
			ReleaseScriptingObjects (0ms)
			CreateAndSetChildDomain (0ms)
		EndReloadAssembly (400ms)
			LoadAssemblies (67ms)
			RebuildTransferFunctionScriptingTraits (0ms)
			SetupTypeCache (98ms)
			ReleaseScriptCaches (0ms)
			RebuildScriptCaches (19ms)
			SetupLoadedEditorAssemblies (246ms)
				LogAssemblyErrors (0ms)
				InitializePlatformSupportModulesInManaged (5ms)
				SetLoadedEditorAssemblies (0ms)
				RefreshPlugins (65ms)
				BeforeProcessingInitializeOnLoad (1ms)
				ProcessInitializeOnLoadAttributes (125ms)
				ProcessInitializeOnLoadMethodAttributes (49ms)
				AfterProcessingInitializeOnLoad (0ms)
				EditorAssembliesLoaded (0ms)
			ExecutionOrderSort2 (0ms)
			AwakeInstancesAfterBackupRestoration (0ms)
Platform modules already initialized, skipping
Registering precompiled user dll's ...
Registered in 0.003843 seconds.
Begin MonoManager ReloadAssembly
Symbol file LoadedFromMemory doesn't match image C:\Users\carso\OneDrive\Desktop\Unity Games\Noir Heist\Library\PackageCache\com.unity.visualscripting@1.8.0\Editor\VisualScripting.Core\Dependencies\YamlDotNet\Unity.VisualScripting.YamlDotNet.dll
Symbol file LoadedFromMemory doesn't match image C:\Users\carso\OneDrive\Desktop\Unity Games\Noir Heist\Library\PackageCache\com.unity.visualscripting@1.8.0\Editor\VisualScripting.Core\Dependencies\DotNetZip\Unity.VisualScripting.IonicZip.dll
Native extension for WindowsStandalone target not found
Refreshing native plugins compatible for Editor in 0.44 ms, found 3 plugins.
Preloading 0 native plugins for Editor in 0.00 ms.
Mono: successfully reloaded assembly
- Completed reload, in  0.808 seconds
Domain Reload Profiling:
	ReloadAssembly (809ms)
		BeginReloadAssembly (76ms)
			ExecutionOrderSort (0ms)
			DisableScriptedObjects (4ms)
			BackupInstance (0ms)
			ReleaseScriptingObjects (0ms)
			CreateAndSetChildDomain (14ms)
		EndReloadAssembly (656ms)
			LoadAssemblies (59ms)
			RebuildTransferFunctionScriptingTraits (0ms)
			SetupTypeCache (270ms)
			ReleaseScriptCaches (0ms)
			RebuildScriptCaches (38ms)
			SetupLoadedEditorAssemblies (251ms)
				LogAssemblyErrors (0ms)
				InitializePlatformSupportModulesInManaged (4ms)
				SetLoadedEditorAssemblies (0ms)
				RefreshPlugins (1ms)
				BeforeProcessingInitializeOnLoad (57ms)
				ProcessInitializeOnLoadAttributes (164ms)
				ProcessInitializeOnLoadMethodAttributes (20ms)
				AfterProcessingInitializeOnLoad (4ms)
				EditorAssembliesLoaded (0ms)
			ExecutionOrderSort2 (0ms)
			AwakeInstancesAfterBackupRestoration (5ms)
Platform modules already initialized, skipping
========================================================================
Worker process is ready to serve import requests
Launched and connected shader compiler UnityShaderCompiler.exe after 0.04 seconds
Refreshing native plugins compatible for Editor in 0.43 ms, found 3 plugins.
Preloading 0 native plugins for Editor in 0.00 ms.
Unloading 3432 Unused Serialized files (Serialized files now loaded: 0)
Unloading 27 unused Assets / (113.6 KB). Loaded Objects now: 3896.
Memory consumption went from 124.5 MB to 124.4 MB.
Total: 2.598400 ms (FindLiveObjects: 0.155300 ms CreateObjectMapping: 0.078200 ms MarkObjects: 2.264200 ms  DeleteObjects: 0.100100 ms)

AssetImportParameters requested are different than current active one (requested -> active):
  custom:video-decoder-ogg-theora: a1e56fd34408186e4bbccfd4996cb3dc -> 
  custom:container-muxer-webm: aa71ff27fc2769a1b78a27578f13a17b -> 
  custom:container-demuxer-webm: 4f35f7cbe854078d1ac9338744f61a02 -> 
  custom:video-encoder-webm-vp8: eb34c28f22e8b96e1ab97ce403110664 -> 
  custom:audio-encoder-webm-vorbis: bf7c407c2cedff20999df2af8eb42d56 -> 
  custom:framework-win-MediaFoundation: 216162199b28c13a410421893ffa2e32 -> 
  custom:container-demuxer-ogg: 62fdf1f143b41e24485cea50d1cbac27 -> 
  custom:video-decoder-webm-vp8: 9c59270c3fd7afecdb556c50c9e8de78 -> 
  custom:audio-decoder-ogg-vorbis: bf7c407c2cedff20999df2af8eb42d56 -> 
========================================================================
Received Import Request.
  Time since last request: 563250.109022 seconds.
  path: Assets/AlpacaStudio_Menu_Template
  artifactKey: Guid(311f42f93b37e9f469371eefa636ad2a) Importer(815301076,1909f56bfc062723c751e8b465ee728b)
Start importing Assets/AlpacaStudio_Menu_Template using Guid(311f42f93b37e9f469371eefa636ad2a) Importer(815301076,1909f56bfc062723c751e8b465ee728b)  -> (artifact id: '7db869b764b8b01fea9ef96b34ca6325') in 0.009602 seconds 
========================================================================
Received Prepare
Registering precompiled user dll's ...
Registered in 0.004704 seconds.
Begin MonoManager ReloadAssembly
Symbol file LoadedFromMemory doesn't match image C:\Users\carso\OneDrive\Desktop\Unity Games\Noir Heist\Library\PackageCache\com.unity.visualscripting@1.8.0\Editor\VisualScripting.Core\Dependencies\YamlDotNet\Unity.VisualScripting.YamlDotNet.dll
Symbol file LoadedFromMemory doesn't match image C:\Users\carso\OneDrive\Desktop\Unity Games\Noir Heist\Library\PackageCache\com.unity.visualscripting@1.8.0\Editor\VisualScripting.Core\Dependencies\DotNetZip\Unity.VisualScripting.IonicZip.dll
Native extension for WindowsStandalone target not found
Refreshing native plugins compatible for Editor in 0.48 ms, found 3 plugins.
Preloading 0 native plugins for Editor in 0.00 ms.
Mono: successfully reloaded assembly
- Completed reload, in  0.708 seconds
Domain Reload Profiling:
	ReloadAssembly (709ms)
		BeginReloadAssembly (91ms)
			ExecutionOrderSort (0ms)
			DisableScriptedObjects (3ms)
			BackupInstance (0ms)
			ReleaseScriptingObjects (0ms)
			CreateAndSetChildDomain (24ms)
		EndReloadAssembly (557ms)
			LoadAssemblies (51ms)
			RebuildTransferFunctionScriptingTraits (0ms)
			SetupTypeCache (182ms)
			ReleaseScriptCaches (1ms)
			RebuildScriptCaches (28ms)
			SetupLoadedEditorAssemblies (249ms)
				LogAssemblyErrors (0ms)
				InitializePlatformSupportModulesInManaged (10ms)
				SetLoadedEditorAssemblies (0ms)
				RefreshPlugins (1ms)
				BeforeProcessingInitializeOnLoad (46ms)
				ProcessInitializeOnLoadAttributes (167ms)
				ProcessInitializeOnLoadMethodAttributes (21ms)
				AfterProcessingInitializeOnLoad (4ms)
				EditorAssembliesLoaded (0ms)
			ExecutionOrderSort2 (0ms)
			AwakeInstancesAfterBackupRestoration (5ms)
Platform modules already initialized, skipping
Refreshing native plugins compatible for Editor in 1.17 ms, found 3 plugins.
Preloading 0 native plugins for Editor in 0.00 ms.
Unloading 3413 Unused Serialized files (Serialized files now loaded: 0)
Unloading 20 unused Assets / (80.2 KB). Loaded Objects now: 3899.
Memory consumption went from 122.5 MB to 122.4 MB.
Total: 2.134900 ms (FindLiveObjects: 0.168400 ms CreateObjectMapping: 0.071700 ms MarkObjects: 1.828600 ms  DeleteObjects: 0.065400 ms)

AssetImportParameters requested are different than current active one (requested -> active):
  custom:video-decoder-ogg-theora: a1e56fd34408186e4bbccfd4996cb3dc -> 
  custom:container-muxer-webm: aa71ff27fc2769a1b78a27578f13a17b -> 
  custom:container-demuxer-webm: 4f35f7cbe854078d1ac9338744f61a02 -> 
  custom:video-encoder-webm-vp8: eb34c28f22e8b96e1ab97ce403110664 -> 
  custom:audio-encoder-webm-vorbis: bf7c407c2cedff20999df2af8eb42d56 -> 
  custom:framework-win-MediaFoundation: 216162199b28c13a410421893ffa2e32 -> 
  custom:container-demuxer-ogg: 62fdf1f143b41e24485cea50d1cbac27 -> 
  custom:video-decoder-webm-vp8: 9c59270c3fd7afecdb556c50c9e8de78 -> 
  custom:audio-decoder-ogg-vorbis: bf7c407c2cedff20999df2af8eb42d56 -> 
========================================================================
Received Prepare
Registering precompiled user dll's ...
Registered in 0.003249 seconds.
Begin MonoManager ReloadAssembly
Symbol file LoadedFromMemory doesn't match image C:\Users\carso\OneDrive\Desktop\Unity Games\Noir Heist\Library\PackageCache\com.unity.visualscripting@1.8.0\Editor\VisualScripting.Core\Dependencies\YamlDotNet\Unity.VisualScripting.YamlDotNet.dll
Symbol file LoadedFromMemory doesn't match image C:\Users\carso\OneDrive\Desktop\Unity Games\Noir Heist\Library\PackageCache\com.unity.visualscripting@1.8.0\Editor\VisualScripting.Core\Dependencies\DotNetZip\Unity.VisualScripting.IonicZip.dll
Native extension for WindowsStandalone target not found
Refreshing native plugins compatible for Editor in 0.45 ms, found 3 plugins.
Preloading 0 native plugins for Editor in 0.00 ms.
Mono: successfully reloaded assembly
- Completed reload, in  0.679 seconds
Domain Reload Profiling:
	ReloadAssembly (680ms)
		BeginReloadAssembly (87ms)
			ExecutionOrderSort (0ms)
			DisableScriptedObjects (3ms)
			BackupInstance (0ms)
			ReleaseScriptingObjects (0ms)
			CreateAndSetChildDomain (23ms)
		EndReloadAssembly (529ms)
			LoadAssemblies (51ms)
			RebuildTransferFunctionScriptingTraits (0ms)
			SetupTypeCache (185ms)
			ReleaseScriptCaches (1ms)
			RebuildScriptCaches (27ms)
			SetupLoadedEditorAssemblies (230ms)
				LogAssemblyErrors (0ms)
				InitializePlatformSupportModulesInManaged (9ms)
				SetLoadedEditorAssemblies (0ms)
				RefreshPlugins (1ms)
				BeforeProcessingInitializeOnLoad (45ms)
				ProcessInitializeOnLoadAttributes (153ms)
				ProcessInitializeOnLoadMethodAttributes (18ms)
				AfterProcessingInitializeOnLoad (5ms)
				EditorAssembliesLoaded (0ms)
			ExecutionOrderSort2 (0ms)
			AwakeInstancesAfterBackupRestoration (5ms)
Platform modules already initialized, skipping
Refreshing native plugins compatible for Editor in 1.23 ms, found 3 plugins.
Preloading 0 native plugins for Editor in 0.00 ms.
Unloading 3413 Unused Serialized files (Serialized files now loaded: 0)
Unloading 20 unused Assets / (80.1 KB). Loaded Objects now: 3902.
Memory consumption went from 122.5 MB to 122.4 MB.
Total: 2.148100 ms (FindLiveObjects: 0.153300 ms CreateObjectMapping: 0.072200 ms MarkObjects: 1.850700 ms  DeleteObjects: 0.070800 ms)

AssetImportParameters requested are different than current active one (requested -> active):
  custom:video-decoder-ogg-theora: a1e56fd34408186e4bbccfd4996cb3dc -> 
  custom:container-muxer-webm: aa71ff27fc2769a1b78a27578f13a17b -> 
  custom:container-demuxer-webm: 4f35f7cbe854078d1ac9338744f61a02 -> 
  custom:video-encoder-webm-vp8: eb34c28f22e8b96e1ab97ce403110664 -> 
  custom:audio-encoder-webm-vorbis: bf7c407c2cedff20999df2af8eb42d56 -> 
  custom:framework-win-MediaFoundation: 216162199b28c13a410421893ffa2e32 -> 
  custom:container-demuxer-ogg: 62fdf1f143b41e24485cea50d1cbac27 -> 
  custom:video-decoder-webm-vp8: 9c59270c3fd7afecdb556c50c9e8de78 -> 
  custom:audio-decoder-ogg-vorbis: bf7c407c2cedff20999df2af8eb42d56 -> 
========================================================================
Received Prepare
Registering precompiled user dll's ...
Registered in 0.003146 seconds.
Begin MonoManager ReloadAssembly
Symbol file LoadedFromMemory doesn't match image C:\Users\carso\OneDrive\Desktop\Unity Games\Noir Heist\Library\PackageCache\com.unity.visualscripting@1.8.0\Editor\VisualScripting.Core\Dependencies\YamlDotNet\Unity.VisualScripting.YamlDotNet.dll
Symbol file LoadedFromMemory doesn't match image C:\Users\carso\OneDrive\Desktop\Unity Games\Noir Heist\Library\PackageCache\com.unity.visualscripting@1.8.0\Editor\VisualScripting.Core\Dependencies\DotNetZip\Unity.VisualScripting.IonicZip.dll
Native extension for WindowsStandalone target not found
Refreshing native plugins compatible for Editor in 0.43 ms, found 3 plugins.
Preloading 0 native plugins for Editor in 0.00 ms.
Mono: successfully reloaded assembly
- Completed reload, in  0.686 seconds
Domain Reload Profiling:
	ReloadAssembly (686ms)
		BeginReloadAssembly (90ms)
			ExecutionOrderSort (0ms)
			DisableScriptedObjects (4ms)
			BackupInstance (0ms)
			ReleaseScriptingObjects (0ms)
			CreateAndSetChildDomain (25ms)
		EndReloadAssembly (534ms)
			LoadAssemblies (55ms)
			RebuildTransferFunctionScriptingTraits (0ms)
			SetupTypeCache (180ms)
			ReleaseScriptCaches (1ms)
			RebuildScriptCaches (27ms)
			SetupLoadedEditorAssemblies (236ms)
				LogAssemblyErrors (0ms)
				InitializePlatformSupportModulesInManaged (9ms)
				SetLoadedEditorAssemblies (0ms)
				RefreshPlugins (1ms)
				BeforeProcessingInitializeOnLoad (45ms)
				ProcessInitializeOnLoadAttributes (157ms)
				ProcessInitializeOnLoadMethodAttributes (18ms)
				AfterProcessingInitializeOnLoad (5ms)
				EditorAssembliesLoaded (0ms)
			ExecutionOrderSort2 (0ms)
			AwakeInstancesAfterBackupRestoration (5ms)
Platform modules already initialized, skipping
Refreshing native plugins compatible for Editor in 1.32 ms, found 3 plugins.
Preloading 0 native plugins for Editor in 0.00 ms.
Unloading 3413 Unused Serialized files (Serialized files now loaded: 0)
Unloading 20 unused Assets / (80.2 KB). Loaded Objects now: 3905.
Memory consumption went from 122.5 MB to 122.4 MB.
Total: 1.994400 ms (FindLiveObjects: 0.148500 ms CreateObjectMapping: 0.069900 ms MarkObjects: 1.716800 ms  DeleteObjects: 0.058700 ms)

AssetImportParameters requested are different than current active one (requested -> active):
  custom:video-decoder-ogg-theora: a1e56fd34408186e4bbccfd4996cb3dc -> 
  custom:container-muxer-webm: aa71ff27fc2769a1b78a27578f13a17b -> 
  custom:container-demuxer-webm: 4f35f7cbe854078d1ac9338744f61a02 -> 
  custom:video-encoder-webm-vp8: eb34c28f22e8b96e1ab97ce403110664 -> 
  custom:audio-encoder-webm-vorbis: bf7c407c2cedff20999df2af8eb42d56 -> 
  custom:framework-win-MediaFoundation: 216162199b28c13a410421893ffa2e32 -> 
  custom:container-demuxer-ogg: 62fdf1f143b41e24485cea50d1cbac27 -> 
  custom:video-decoder-webm-vp8: 9c59270c3fd7afecdb556c50c9e8de78 -> 
  custom:audio-decoder-ogg-vorbis: bf7c407c2cedff20999df2af8eb42d56 -> 
========================================================================
Received Prepare
Registering precompiled user dll's ...
Registered in 0.003094 seconds.
Begin MonoManager ReloadAssembly
Symbol file LoadedFromMemory doesn't match image C:\Users\carso\OneDrive\Desktop\Unity Games\Noir Heist\Library\PackageCache\com.unity.visualscripting@1.8.0\Editor\VisualScripting.Core\Dependencies\YamlDotNet\Unity.VisualScripting.YamlDotNet.dll
Symbol file LoadedFromMemory doesn't match image C:\Users\carso\OneDrive\Desktop\Unity Games\Noir Heist\Library\PackageCache\com.unity.visualscripting@1.8.0\Editor\VisualScripting.Core\Dependencies\DotNetZip\Unity.VisualScripting.IonicZip.dll
Native extension for WindowsStandalone target not found
Refreshing native plugins compatible for Editor in 0.60 ms, found 3 plugins.
Preloading 0 native plugins for Editor in 0.00 ms.
Mono: successfully reloaded assembly
- Completed reload, in  0.694 seconds
Domain Reload Profiling:
	ReloadAssembly (694ms)
		BeginReloadAssembly (98ms)
			ExecutionOrderSort (0ms)
			DisableScriptedObjects (4ms)
			BackupInstance (0ms)
			ReleaseScriptingObjects (0ms)
			CreateAndSetChildDomain (23ms)
		EndReloadAssembly (532ms)
			LoadAssemblies (65ms)
			RebuildTransferFunctionScriptingTraits (0ms)
			SetupTypeCache (180ms)
			ReleaseScriptCaches (1ms)
			RebuildScriptCaches (27ms)
			SetupLoadedEditorAssemblies (233ms)
				LogAssemblyErrors (0ms)
				InitializePlatformSupportModulesInManaged (9ms)
				SetLoadedEditorAssemblies (0ms)
				RefreshPlugins (1ms)
				BeforeProcessingInitializeOnLoad (45ms)
				ProcessInitializeOnLoadAttributes (156ms)
				ProcessInitializeOnLoadMethodAttributes (17ms)
				AfterProcessingInitializeOnLoad (4ms)
				EditorAssembliesLoaded (0ms)
			ExecutionOrderSort2 (0ms)
			AwakeInstancesAfterBackupRestoration (5ms)
Platform modules already initialized, skipping
Refreshing native plugins compatible for Editor in 1.42 ms, found 3 plugins.
Preloading 0 native plugins for Editor in 0.00 ms.
Unloading 3413 Unused Serialized files (Serialized files now loaded: 0)
Unloading 20 unused Assets / (80.2 KB). Loaded Objects now: 3908.
Memory consumption went from 122.5 MB to 122.5 MB.
Total: 2.305500 ms (FindLiveObjects: 0.154500 ms CreateObjectMapping: 0.099600 ms MarkObjects: 1.977500 ms  DeleteObjects: 0.072900 ms)

AssetImportParameters requested are different than current active one (requested -> active):
  custom:video-decoder-ogg-theora: a1e56fd34408186e4bbccfd4996cb3dc -> 
  custom:container-muxer-webm: aa71ff27fc2769a1b78a27578f13a17b -> 
  custom:container-demuxer-webm: 4f35f7cbe854078d1ac9338744f61a02 -> 
  custom:video-encoder-webm-vp8: eb34c28f22e8b96e1ab97ce403110664 -> 
  custom:audio-encoder-webm-vorbis: bf7c407c2cedff20999df2af8eb42d56 -> 
  custom:framework-win-MediaFoundation: 216162199b28c13a410421893ffa2e32 -> 
  custom:container-demuxer-ogg: 62fdf1f143b41e24485cea50d1cbac27 -> 
  custom:video-decoder-webm-vp8: 9c59270c3fd7afecdb556c50c9e8de78 -> 
  custom:audio-decoder-ogg-vorbis: bf7c407c2cedff20999df2af8eb42d56 -> 
========================================================================
Received Import Request.
  Time since last request: 451.838436 seconds.
  path: Assets/Footsteps - Essentials/Footsteps_Metal/Footsteps_Metal_Jump/Footsteps_MetalV2_Jump_Land_02.wav
  artifactKey: Guid(0462feb393ce2b64b9f78c8bc9303014) Importer(815301076,1909f56bfc062723c751e8b465ee728b)
Start importing Assets/Footsteps - Essentials/Footsteps_Metal/Footsteps_Metal_Jump/Footsteps_MetalV2_Jump_Land_02.wav using Guid(0462feb393ce2b64b9f78c8bc9303014) Importer(815301076,1909f56bfc062723c751e8b465ee728b)  -> (artifact id: 'db3fb05092a1392301cfc53b27a37855') in 0.151797 seconds 
========================================================================
Received Import Request.
  Time since last request: 0.000034 seconds.
  path: Assets/Footsteps - Essentials/Footsteps_Mud/Footsteps_Mud_Jump/Footsteps_Mud_Jump_Land_02.wav
  artifactKey: Guid(efa8d9408cf5dd1469f24a64eabb7b0d) Importer(815301076,1909f56bfc062723c751e8b465ee728b)
Start importing Assets/Footsteps - Essentials/Footsteps_Mud/Footsteps_Mud_Jump/Footsteps_Mud_Jump_Land_02.wav using Guid(efa8d9408cf5dd1469f24a64eabb7b0d) Importer(815301076,1909f56bfc062723c751e8b465ee728b)  -> (artifact id: '7fea2a5ea150dfb190586fd6b2966e22') in 0.024019 seconds 
========================================================================
Received Import Request.
  Time since last request: 0.000042 seconds.
  path: Assets/Footsteps - Essentials/Footsteps_Metal/Footsteps_Metal_Run/Footsteps_MetalV2_Run_02.wav
  artifactKey: Guid(38f0c96f5fc9ad54bb7f70129602e268) Importer(815301076,1909f56bfc062723c751e8b465ee728b)
Start importing Assets/Footsteps - Essentials/Footsteps_Metal/Footsteps_Metal_Run/Footsteps_MetalV2_Run_02.wav using Guid(38f0c96f5fc9ad54bb7f70129602e268) Importer(815301076,1909f56bfc062723c751e8b465ee728b)  -> (artifact id: '43b3a78732782e6d3a1e3ccec8e2f294') in 0.024162 seconds 
========================================================================
Received Import Request.
  Time since last request: 0.000020 seconds.
  path: Assets/Footsteps - Essentials/Footsteps_Mud/Footsteps_Mud_Run/Footsteps_Mud_Run_07.wav
  artifactKey: Guid(374c71596ed63e44ca7a07f15ed1ccd7) Importer(815301076,1909f56bfc062723c751e8b465ee728b)
Start importing Assets/Footsteps - Essentials/Footsteps_Mud/Footsteps_Mud_Run/Footsteps_Mud_Run_07.wav using Guid(374c71596ed63e44ca7a07f15ed1ccd7) Importer(815301076,1909f56bfc062723c751e8b465ee728b)  -> (artifact id: '5e02d161a0751c497bfcbd6f5cfbc813') in 0.018935 seconds 
========================================================================
Received Import Request.
  Time since last request: 0.000020 seconds.
  path: Assets/Footsteps - Essentials/Footsteps_Mud/Footsteps_Mud_Run/Footsteps_Mud_Run_02.wav
  artifactKey: Guid(f2d112cd27f01be4da1fd1979addfb73) Importer(815301076,1909f56bfc062723c751e8b465ee728b)
Start importing Assets/Footsteps - Essentials/Footsteps_Mud/Footsteps_Mud_Run/Footsteps_Mud_Run_02.wav using Guid(f2d112cd27f01be4da1fd1979addfb73) Importer(815301076,1909f56bfc062723c751e8b465ee728b)  -> (artifact id: 'a1f853709c65956d9cdb0ed12003c54e') in 0.027501 seconds 
========================================================================
Received Import Request.
  Time since last request: 0.000021 seconds.
  path: Assets/Footsteps - Essentials/Footsteps_Rock/Footsteps_Rock_Jump/Footsteps_Rock_Jump_Land_01.wav
  artifactKey: Guid(3d8f480d252db9449b2f978284506f8e) Importer(815301076,1909f56bfc062723c751e8b465ee728b)
Start importing Assets/Footsteps - Essentials/Footsteps_Rock/Footsteps_Rock_Jump/Footsteps_Rock_Jump_Land_01.wav using Guid(3d8f480d252db9449b2f978284506f8e) Importer(815301076,1909f56bfc062723c751e8b465ee728b)  -> (artifact id: '4b02a4add26132d571877eee2185fad6') in 0.030569 seconds 
========================================================================
Received Import Request.
  Time since last request: 0.000020 seconds.
  path: Assets/Footsteps - Essentials/Footsteps_Metal/Footsteps_Metal_Run/Footsteps_MetalV2_Run_05.wav
  artifactKey: Guid(83e12fcd809c9444192c377fe18a65e5) Importer(815301076,1909f56bfc062723c751e8b465ee728b)
Start importing Assets/Footsteps - Essentials/Footsteps_Metal/Footsteps_Metal_Run/Footsteps_MetalV2_Run_05.wav using Guid(83e12fcd809c9444192c377fe18a65e5) Importer(815301076,1909f56bfc062723c751e8b465ee728b)  -> (artifact id: 'e880accc15c2a2a2d33d034b3374e66e') in 0.029520 seconds 
========================================================================
Received Import Request.
  Time since last request: 0.000019 seconds.
  path: Assets/Footsteps - Essentials/Footsteps_Metal/Footsteps_Metal_Run/Footsteps_MetalV2_Run_12.wav
  artifactKey: Guid(90754431c63071d48b2bfa8dc2472b9d) Importer(815301076,1909f56bfc062723c751e8b465ee728b)
Start importing Assets/Footsteps - Essentials/Footsteps_Metal/Footsteps_Metal_Run/Footsteps_MetalV2_Run_12.wav using Guid(90754431c63071d48b2bfa8dc2472b9d) Importer(815301076,1909f56bfc062723c751e8b465ee728b)  -> (artifact id: 'acc3ac2a9f93eafb887bfaf2acc9e9a5') in 0.017601 seconds 
========================================================================
Received Import Request.
  Time since last request: 0.000019 seconds.
  path: Assets/Footsteps - Essentials/Footsteps_Metal/Footsteps_Metal_Run/Footsteps_MetalV2_Run_13.wav
  artifactKey: Guid(d51df139d4e50794993d2130348b08d9) Importer(815301076,1909f56bfc062723c751e8b465ee728b)
Start importing Assets/Footsteps - Essentials/Footsteps_Metal/Footsteps_Metal_Run/Footsteps_MetalV2_Run_13.wav using Guid(d51df139d4e50794993d2130348b08d9) Importer(815301076,1909f56bfc062723c751e8b465ee728b)  -> (artifact id: 'd4eec461c6f1c9515398397240b753a5') in 0.017840 seconds 
========================================================================
Received Import Request.
  Time since last request: 0.000018 seconds.
  path: Assets/Footsteps - Essentials/Footsteps_Rock/Footsteps_Rock_Jump/Footsteps_Rock_Jump_Land_04.wav
  artifactKey: Guid(1f080a1e65d584c4ca3e3c75fbb406b3) Importer(815301076,1909f56bfc062723c751e8b465ee728b)
Start importing Assets/Footsteps - Essentials/Footsteps_Rock/Footsteps_Rock_Jump/Footsteps_Rock_Jump_Land_04.wav using Guid(1f080a1e65d584c4ca3e3c75fbb406b3) Importer(815301076,1909f56bfc062723c751e8b465ee728b)  -> (artifact id: 'f8c223d160d4dcdb4ef3605686ad6f36') in 0.017902 seconds 
========================================================================
Received Import Request.
  Time since last request: 0.000035 seconds.
  path: Assets/Footsteps - Essentials/Footsteps_Mud/Footsteps_Mud_Jump/Footsteps_Mud_Jump_Land_03.wav
  artifactKey: Guid(09285afe64b606044b4bba58b6cced49) Importer(815301076,1909f56bfc062723c751e8b465ee728b)
Start importing Assets/Footsteps - Essentials/Footsteps_Mud/Footsteps_Mud_Jump/Footsteps_Mud_Jump_Land_03.wav using Guid(09285afe64b606044b4bba58b6cced49) Importer(815301076,1909f56bfc062723c751e8b465ee728b)  -> (artifact id: 'b168d2b2a4990070ae1668b2678b1e47') in 0.021964 seconds 
========================================================================
Received Import Request.
  Time since last request: 0.000026 seconds.
  path: Assets/Footsteps - Essentials/Footsteps_Metal/Footsteps_Metal_Run/Footsteps_MetalV2_Run_07.wav
  artifactKey: Guid(af104ebdf73bf7a4ba6013021dd458cb) Importer(815301076,1909f56bfc062723c751e8b465ee728b)
Start importing Assets/Footsteps - Essentials/Footsteps_Metal/Footsteps_Metal_Run/Footsteps_MetalV2_Run_07.wav using Guid(af104ebdf73bf7a4ba6013021dd458cb) Importer(815301076,1909f56bfc062723c751e8b465ee728b)  -> (artifact id: 'f651e9751e37a2a419a93a3a469401d8') in 0.016296 seconds 
========================================================================
Received Import Request.
  Time since last request: 0.000031 seconds.
  path: Assets/Footsteps - Essentials/Footsteps_Metal/Footsteps_Metal_Jump/Footsteps_MetalV2_Jump_Land_03.wav
  artifactKey: Guid(d4ce8205a3ae9ab4181dbc190b1a837e) Importer(815301076,1909f56bfc062723c751e8b465ee728b)
Start importing Assets/Footsteps - Essentials/Footsteps_Metal/Footsteps_Metal_Jump/Footsteps_MetalV2_Jump_Land_03.wav using Guid(d4ce8205a3ae9ab4181dbc190b1a837e) Importer(815301076,1909f56bfc062723c751e8b465ee728b)  -> (artifact id: '96fce18a5e38fee979e407bce6cf9c14') in 0.021859 seconds 
========================================================================
Received Import Request.
  Time since last request: 0.000026 seconds.
  path: Assets/Footsteps - Essentials/Footsteps_Rock/Footsteps_Rock_Run/Footsteps_Rock_Run_03.wav
  artifactKey: Guid(7b4b6eb734482064c8c1e5fd45d4d76c) Importer(815301076,1909f56bfc062723c751e8b465ee728b)
Start importing Assets/Footsteps - Essentials/Footsteps_Rock/Footsteps_Rock_Run/Footsteps_Rock_Run_03.wav using Guid(7b4b6eb734482064c8c1e5fd45d4d76c) Importer(815301076,1909f56bfc062723c751e8b465ee728b)  -> (artifact id: '2cfc49f4a9332baf6bfb0bde88573f34') in 0.027025 seconds 
========================================================================
Received Import Request.
  Time since last request: 0.000020 seconds.
  path: Assets/Footsteps - Essentials/Footsteps_Metal/Footsteps_Metal_Run/Footsteps_MetalV2_Run_11.wav
  artifactKey: Guid(642f9eb7b8ea3f14e9fc48dff8f8e34b) Importer(815301076,1909f56bfc062723c751e8b465ee728b)
Start importing Assets/Footsteps - Essentials/Footsteps_Metal/Footsteps_Metal_Run/Footsteps_MetalV2_Run_11.wav using Guid(642f9eb7b8ea3f14e9fc48dff8f8e34b) Importer(815301076,1909f56bfc062723c751e8b465ee728b)  -> (artifact id: 'b86f9b400fbc9567b1d441c8d348d993') in 0.023144 seconds 
========================================================================
Received Import Request.
  Time since last request: 0.000025 seconds.
  path: Assets/Footsteps - Essentials/Footsteps_Mud/Footsteps_Mud_Run/Footsteps_Mud_Run_06.wav
  artifactKey: Guid(69ad51b0e53fa6e4d9e6db01c870f7fb) Importer(815301076,1909f56bfc062723c751e8b465ee728b)
Start importing Assets/Footsteps - Essentials/Footsteps_Mud/Footsteps_Mud_Run/Footsteps_Mud_Run_06.wav using Guid(69ad51b0e53fa6e4d9e6db01c870f7fb) Importer(815301076,1909f56bfc062723c751e8b465ee728b)  -> (artifact id: 'd036c8bf018be39ddc4df2a03d7b4388') in 0.027009 seconds 
========================================================================
Received Import Request.
  Time since last request: 0.000020 seconds.
  path: Assets/Footsteps - Essentials/Footsteps_Mud/Footsteps_Mud_Run/Footsteps_Mud_Run_03.wav
  artifactKey: Guid(19d07bb6bdfbaae43acf30893876bba4) Importer(815301076,1909f56bfc062723c751e8b465ee728b)
Start importing Assets/Footsteps - Essentials/Footsteps_Mud/Footsteps_Mud_Run/Footsteps_Mud_Run_03.wav using Guid(19d07bb6bdfbaae43acf30893876bba4) Importer(815301076,1909f56bfc062723c751e8b465ee728b)  -> (artifact id: '2c44338845507bc10f039c06d620249b') in 0.025016 seconds 
========================================================================
Received Import Request.
  Time since last request: 0.000020 seconds.
  path: Assets/Footsteps - Essentials/Footsteps_Mud/Footsteps_Mud_Run/Footsteps_Mud_Run_04.wav
  artifactKey: Guid(7ca101be9f1e036429aba094cd40b711) Importer(815301076,1909f56bfc062723c751e8b465ee728b)
Start importing Assets/Footsteps - Essentials/Footsteps_Mud/Footsteps_Mud_Run/Footsteps_Mud_Run_04.wav using Guid(7ca101be9f1e036429aba094cd40b711) Importer(815301076,1909f56bfc062723c751e8b465ee728b)  -> (artifact id: '1f34a8d23b0bc12da532523d98585d02') in 0.019880 seconds 
========================================================================
Received Import Request.
  Time since last request: 0.000025 seconds.
  path: Assets/Footsteps - Essentials/Footsteps_Metal/Footsteps_Metal_Run/Footsteps_MetalV2_Run_15.wav
  artifactKey: Guid(d772d1b334ef5f148bf1308d5fb3e4b0) Importer(815301076,1909f56bfc062723c751e8b465ee728b)
Start importing Assets/Footsteps - Essentials/Footsteps_Metal/Footsteps_Metal_Run/Footsteps_MetalV2_Run_15.wav using Guid(d772d1b334ef5f148bf1308d5fb3e4b0) Importer(815301076,1909f56bfc062723c751e8b465ee728b)  -> (artifact id: 'cc21f24be525e37608d24b9e36ca11be') in 0.020557 seconds 
========================================================================
Received Import Request.
  Time since last request: 0.000027 seconds.
  path: Assets/Footsteps - Essentials/Footsteps_Mud/Footsteps_Mud_Jump/Footsteps_Mud_Jump_Land_04.wav
  artifactKey: Guid(7eeb546a06967a149a37ea3e205b518b) Importer(815301076,1909f56bfc062723c751e8b465ee728b)
Start importing Assets/Footsteps - Essentials/Footsteps_Mud/Footsteps_Mud_Jump/Footsteps_Mud_Jump_Land_04.wav using Guid(7eeb546a06967a149a37ea3e205b518b) Importer(815301076,1909f56bfc062723c751e8b465ee728b)  -> (artifact id: '87505fa4bc1a1fb51eaf38dbd5d3352f') in 0.018712 seconds 
========================================================================
Received Import Request.
  Time since last request: 0.000036 seconds.
  path: Assets/Footsteps - Essentials/Footsteps_Mud/Footsteps_Mud_Jump/Footsteps_Mud_Jump_Land_05.wav
  artifactKey: Guid(26ba84cde900f02408eaef46d1af7811) Importer(815301076,1909f56bfc062723c751e8b465ee728b)
Start importing Assets/Footsteps - Essentials/Footsteps_Mud/Footsteps_Mud_Jump/Footsteps_Mud_Jump_Land_05.wav using Guid(26ba84cde900f02408eaef46d1af7811) Importer(815301076,1909f56bfc062723c751e8b465ee728b)  -> (artifact id: '6299c69a25a0e1fd2f7f0ba97c05e2a6') in 0.012842 seconds 
========================================================================
Received Prepare
Registering precompiled user dll's ...
Registered in 0.009269 seconds.
Begin MonoManager ReloadAssembly
Symbol file LoadedFromMemory doesn't match image C:\Users\carso\OneDrive\Desktop\Unity Games\Noir Heist\Library\PackageCache\com.unity.visualscripting@1.8.0\Editor\VisualScripting.Core\Dependencies\YamlDotNet\Unity.VisualScripting.YamlDotNet.dll
Symbol file LoadedFromMemory doesn't match image C:\Users\carso\OneDrive\Desktop\Unity Games\Noir Heist\Library\PackageCache\com.unity.visualscripting@1.8.0\Editor\VisualScripting.Core\Dependencies\DotNetZip\Unity.VisualScripting.IonicZip.dll
Native extension for WindowsStandalone target not found
Refreshing native plugins compatible for Editor in 0.52 ms, found 3 plugins.
Preloading 0 native plugins for Editor in 0.00 ms.
Mono: successfully reloaded assembly
- Completed reload, in  0.766 seconds
Domain Reload Profiling:
	ReloadAssembly (767ms)
		BeginReloadAssembly (112ms)
			ExecutionOrderSort (0ms)
			DisableScriptedObjects (3ms)
			BackupInstance (0ms)
			ReleaseScriptingObjects (0ms)
			CreateAndSetChildDomain (33ms)
		EndReloadAssembly (583ms)
			LoadAssemblies (69ms)
			RebuildTransferFunctionScriptingTraits (0ms)
			SetupTypeCache (203ms)
			ReleaseScriptCaches (1ms)
			RebuildScriptCaches (33ms)
			SetupLoadedEditorAssemblies (243ms)
				LogAssemblyErrors (0ms)
				InitializePlatformSupportModulesInManaged (10ms)
				SetLoadedEditorAssemblies (0ms)
				RefreshPlugins (1ms)
				BeforeProcessingInitializeOnLoad (43ms)
				ProcessInitializeOnLoadAttributes (164ms)
				ProcessInitializeOnLoadMethodAttributes (20ms)
				AfterProcessingInitializeOnLoad (4ms)
				EditorAssembliesLoaded (0ms)
			ExecutionOrderSort2 (0ms)
			AwakeInstancesAfterBackupRestoration (5ms)
Platform modules already initialized, skipping
Refreshing native plugins compatible for Editor in 2.43 ms, found 3 plugins.
Preloading 0 native plugins for Editor in 0.00 ms.
Unloading 3413 Unused Serialized files (Serialized files now loaded: 0)
Unloading 20 unused Assets / (80.3 KB). Loaded Objects now: 3921.
Memory consumption went from 127.1 MB to 127.0 MB.
Total: 2.828700 ms (FindLiveObjects: 0.319000 ms CreateObjectMapping: 0.162900 ms MarkObjects: 2.250400 ms  DeleteObjects: 0.094800 ms)

AssetImportParameters requested are different than current active one (requested -> active):
  custom:video-decoder-ogg-theora: a1e56fd34408186e4bbccfd4996cb3dc -> 
  custom:container-muxer-webm: aa71ff27fc2769a1b78a27578f13a17b -> 
  custom:container-demuxer-webm: 4f35f7cbe854078d1ac9338744f61a02 -> 
  custom:video-encoder-webm-vp8: eb34c28f22e8b96e1ab97ce403110664 -> 
  custom:audio-encoder-webm-vorbis: bf7c407c2cedff20999df2af8eb42d56 -> 
  custom:framework-win-MediaFoundation: 216162199b28c13a410421893ffa2e32 -> 
  custom:container-demuxer-ogg: 62fdf1f143b41e24485cea50d1cbac27 -> 
  custom:video-decoder-webm-vp8: 9c59270c3fd7afecdb556c50c9e8de78 -> 
  custom:audio-decoder-ogg-vorbis: bf7c407c2cedff20999df2af8eb42d56 -> 
Editor requested this worker to shutdown with reason: Scaling down because of idle timeout
AssetImportWorker is now disconnected from the server
Process exiting
Exiting without the bug reporter. Application will terminate with return code 0