Using pre-set license
Built from '2021.3/release' branch; Version is '2021.3.17f1 (3e8111cac19d) revision 4096273'; Using compiler version '192829333'; Build Type 'Release'
OS: 'Windows 11  (10.0.22621) 64bit Core' Language: 'en' Physical Memory: 16224 MB
BatchMode: 1, IsHumanControllingUs: 0, StartBugReporterOnCrash: 0, Is64bit: 1, IsPro: 1

COMMAND LINE ARGUMENTS:
C:\Program Files\Unity\Hub\Editor\2021.3.17f1\Editor\Unity.exe
-adb2
-batchMode
-noUpm
-name
AssetImportWorker7
-projectPath
C:/Users/carso/OneDrive/Desktop/Unity Games/Noir Heist
-logFile
Logs/AssetImportWorker7.log
-srvPort
49523
Successfully changed project path to: C:/Users/carso/OneDrive/Desktop/Unity Games/Noir Heist
C:/Users/carso/OneDrive/Desktop/Unity Games/Noir Heist
[UnityMemory] Configuration Parameters - Can be set up in boot.config
    "memorysetup-bucket-allocator-granularity=16"
    "memorysetup-bucket-allocator-bucket-count=8"
    "memorysetup-bucket-allocator-block-size=33554432"
    "memorysetup-bucket-allocator-block-count=8"
    "memorysetup-main-allocator-block-size=16777216"
    "memorysetup-thread-allocator-block-size=16777216"
    "memorysetup-gfx-main-allocator-block-size=16777216"
    "memorysetup-gfx-thread-allocator-block-size=16777216"
    "memorysetup-cache-allocator-block-size=4194304"
    "memorysetup-typetree-allocator-block-size=2097152"
    "memorysetup-profiler-bucket-allocator-granularity=16"
    "memorysetup-profiler-bucket-allocator-bucket-count=8"
    "memorysetup-profiler-bucket-allocator-block-size=33554432"
    "memorysetup-profiler-bucket-allocator-block-count=8"
    "memorysetup-profiler-allocator-block-size=16777216"
    "memorysetup-profiler-editor-allocator-block-size=1048576"
    "memorysetup-temp-allocator-size-main=16777216"
    "memorysetup-job-temp-allocator-block-size=2097152"
    "memorysetup-job-temp-allocator-block-size-background=1048576"
    "memorysetup-job-temp-allocator-reduction-small-platforms=262144"
    "memorysetup-temp-allocator-size-background-worker=32768"
    "memorysetup-temp-allocator-size-job-worker=262144"
    "memorysetup-temp-allocator-size-preload-manager=33554432"
    "memorysetup-temp-allocator-size-nav-mesh-worker=65536"
    "memorysetup-temp-allocator-size-audio-worker=65536"
    "memorysetup-temp-allocator-size-cloud-worker=32768"
    "memorysetup-temp-allocator-size-gi-baking-worker=262144"
    "memorysetup-temp-allocator-size-gfx=262144"
Player connection [29920] Host "[IP] 10.127.72.58 [Port] 0 [Flags] 2 [Guid] 205636674 [EditorId] 205636674 [Version] 1048832 [Id] WindowsEditor(7,BeepBeepBoop) [Debug] 1 [PackageName] WindowsEditor [ProjectName] Editor" joined multi-casting on [225.0.0.222:54997]...

Player connection [29920] Host "[IP] 10.127.72.58 [Port] 0 [Flags] 2 [Guid] 205636674 [EditorId] 205636674 [Version] 1048832 [Id] WindowsEditor(7,BeepBeepBoop) [Debug] 1 [PackageName] WindowsEditor [ProjectName] Editor" joined alternative multi-casting on [225.0.0.222:34997]...

Refreshing native plugins compatible for Editor in 60.25 ms, found 3 plugins.
Preloading 0 native plugins for Editor in 0.00 ms.
Initialize engine version: 2021.3.17f1 (3e8111cac19d)
[Subsystems] Discovering subsystems at path C:/Program Files/Unity/Hub/Editor/2021.3.17f1/Editor/Data/Resources/UnitySubsystems
[Subsystems] Discovering subsystems at path C:/Users/carso/OneDrive/Desktop/Unity Games/Noir Heist/Assets
GfxDevice: creating device client; threaded=0; jobified=0
Direct3D:
    Version:  Direct3D 11.0 [level 11.1]
    Renderer: NVIDIA GeForce RTX 3060 Ti (ID=0x2489)
    Vendor:   NVIDIA
    VRAM:     8050 MB
    Driver:   31.0.15.1694
Initialize mono
Mono path[0] = 'C:/Program Files/Unity/Hub/Editor/2021.3.17f1/Editor/Data/Managed'
Mono path[1] = 'C:/Program Files/Unity/Hub/Editor/2021.3.17f1/Editor/Data/MonoBleedingEdge/lib/mono/unityjit-win32'
Mono config path = 'C:/Program Files/Unity/Hub/Editor/2021.3.17f1/Editor/Data/MonoBleedingEdge/etc'
Using monoOptions --debugger-agent=transport=dt_socket,embedding=1,server=y,suspend=n,address=127.0.0.1:56064
Begin MonoManager ReloadAssembly
Registering precompiled unity dll's ...
Register platform support module: C:/Program Files/Unity/Hub/Editor/2021.3.17f1/Editor/Data/PlaybackEngines/WindowsStandaloneSupport/UnityEditor.WindowsStandalone.Extensions.dll
Registered in 0.002751 seconds.
Native extension for WindowsStandalone target not found
Refreshing native plugins compatible for Editor in 59.39 ms, found 3 plugins.
Preloading 0 native plugins for Editor in 0.00 ms.
Mono: successfully reloaded assembly
- Completed reload, in  0.429 seconds
Domain Reload Profiling:
	ReloadAssembly (430ms)
		BeginReloadAssembly (47ms)
			ExecutionOrderSort (0ms)
			DisableScriptedObjects (0ms)
			BackupInstance (0ms)
			ReleaseScriptingObjects (0ms)
			CreateAndSetChildDomain (1ms)
		EndReloadAssembly (312ms)
			LoadAssemblies (45ms)
			RebuildTransferFunctionScriptingTraits (0ms)
			SetupTypeCache (66ms)
			ReleaseScriptCaches (0ms)
			RebuildScriptCaches (18ms)
			SetupLoadedEditorAssemblies (194ms)
				LogAssemblyErrors (0ms)
				InitializePlatformSupportModulesInManaged (5ms)
				SetLoadedEditorAssemblies (0ms)
				RefreshPlugins (59ms)
				BeforeProcessingInitializeOnLoad (1ms)
				ProcessInitializeOnLoadAttributes (97ms)
				ProcessInitializeOnLoadMethodAttributes (32ms)
				AfterProcessingInitializeOnLoad (0ms)
				EditorAssembliesLoaded (0ms)
			ExecutionOrderSort2 (0ms)
			AwakeInstancesAfterBackupRestoration (0ms)
Platform modules already initialized, skipping
Registering precompiled user dll's ...
Registered in 0.003499 seconds.
Begin MonoManager ReloadAssembly
Symbol file LoadedFromMemory doesn't match image C:\Users\carso\OneDrive\Desktop\Unity Games\Noir Heist\Library\PackageCache\com.unity.visualscripting@1.8.0\Editor\VisualScripting.Core\Dependencies\YamlDotNet\Unity.VisualScripting.YamlDotNet.dll
Symbol file LoadedFromMemory doesn't match image C:\Users\carso\OneDrive\Desktop\Unity Games\Noir Heist\Library\PackageCache\com.unity.visualscripting@1.8.0\Editor\VisualScripting.Core\Dependencies\DotNetZip\Unity.VisualScripting.IonicZip.dll
Native extension for WindowsStandalone target not found
Refreshing native plugins compatible for Editor in 0.48 ms, found 3 plugins.
Preloading 0 native plugins for Editor in 0.00 ms.
Mono: successfully reloaded assembly
- Completed reload, in  0.713 seconds
Domain Reload Profiling:
	ReloadAssembly (714ms)
		BeginReloadAssembly (79ms)
			ExecutionOrderSort (0ms)
			DisableScriptedObjects (4ms)
			BackupInstance (0ms)
			ReleaseScriptingObjects (0ms)
			CreateAndSetChildDomain (14ms)
		EndReloadAssembly (551ms)
			LoadAssemblies (63ms)
			RebuildTransferFunctionScriptingTraits (0ms)
			SetupTypeCache (172ms)
			ReleaseScriptCaches (0ms)
			RebuildScriptCaches (36ms)
			SetupLoadedEditorAssemblies (251ms)
				LogAssemblyErrors (0ms)
				InitializePlatformSupportModulesInManaged (3ms)
				SetLoadedEditorAssemblies (0ms)
				RefreshPlugins (1ms)
				BeforeProcessingInitializeOnLoad (54ms)
				ProcessInitializeOnLoadAttributes (172ms)
				ProcessInitializeOnLoadMethodAttributes (17ms)
				AfterProcessingInitializeOnLoad (4ms)
				EditorAssembliesLoaded (0ms)
			ExecutionOrderSort2 (0ms)
			AwakeInstancesAfterBackupRestoration (4ms)
Platform modules already initialized, skipping
========================================================================
Worker process is ready to serve import requests
Launched and connected shader compiler UnityShaderCompiler.exe after 0.04 seconds
Refreshing native plugins compatible for Editor in 0.72 ms, found 3 plugins.
Preloading 0 native plugins for Editor in 0.00 ms.
Unloading 3432 Unused Serialized files (Serialized files now loaded: 0)
Unloading 27 unused Assets / (113.6 KB). Loaded Objects now: 3896.
Memory consumption went from 124.5 MB to 124.4 MB.
Total: 3.058300 ms (FindLiveObjects: 0.154000 ms CreateObjectMapping: 0.075800 ms MarkObjects: 2.746200 ms  DeleteObjects: 0.081500 ms)

AssetImportParameters requested are different than current active one (requested -> active):
  custom:video-decoder-ogg-theora: a1e56fd34408186e4bbccfd4996cb3dc -> 
  custom:container-muxer-webm: aa71ff27fc2769a1b78a27578f13a17b -> 
  custom:container-demuxer-webm: 4f35f7cbe854078d1ac9338744f61a02 -> 
  custom:video-encoder-webm-vp8: eb34c28f22e8b96e1ab97ce403110664 -> 
  custom:audio-encoder-webm-vorbis: bf7c407c2cedff20999df2af8eb42d56 -> 
  custom:framework-win-MediaFoundation: 216162199b28c13a410421893ffa2e32 -> 
  custom:container-demuxer-ogg: 62fdf1f143b41e24485cea50d1cbac27 -> 
  custom:video-decoder-webm-vp8: 9c59270c3fd7afecdb556c50c9e8de78 -> 
  custom:audio-decoder-ogg-vorbis: bf7c407c2cedff20999df2af8eb42d56 -> 
========================================================================
Received Prepare
Registering precompiled user dll's ...
Registered in 0.003158 seconds.
Begin MonoManager ReloadAssembly
Symbol file LoadedFromMemory doesn't match image C:\Users\carso\OneDrive\Desktop\Unity Games\Noir Heist\Library\PackageCache\com.unity.visualscripting@1.8.0\Editor\VisualScripting.Core\Dependencies\YamlDotNet\Unity.VisualScripting.YamlDotNet.dll
Symbol file LoadedFromMemory doesn't match image C:\Users\carso\OneDrive\Desktop\Unity Games\Noir Heist\Library\PackageCache\com.unity.visualscripting@1.8.0\Editor\VisualScripting.Core\Dependencies\DotNetZip\Unity.VisualScripting.IonicZip.dll
Native extension for WindowsStandalone target not found
Refreshing native plugins compatible for Editor in 0.42 ms, found 3 plugins.
Preloading 0 native plugins for Editor in 0.00 ms.
Mono: successfully reloaded assembly
- Completed reload, in  0.654 seconds
Domain Reload Profiling:
	ReloadAssembly (655ms)
		BeginReloadAssembly (88ms)
			ExecutionOrderSort (0ms)
			DisableScriptedObjects (3ms)
			BackupInstance (0ms)
			ReleaseScriptingObjects (0ms)
			CreateAndSetChildDomain (25ms)
		EndReloadAssembly (506ms)
			LoadAssemblies (49ms)
			RebuildTransferFunctionScriptingTraits (0ms)
			SetupTypeCache (167ms)
			ReleaseScriptCaches (1ms)
			RebuildScriptCaches (24ms)
			SetupLoadedEditorAssemblies (228ms)
				LogAssemblyErrors (0ms)
				InitializePlatformSupportModulesInManaged (9ms)
				SetLoadedEditorAssemblies (0ms)
				RefreshPlugins (0ms)
				BeforeProcessingInitializeOnLoad (44ms)
				ProcessInitializeOnLoadAttributes (151ms)
				ProcessInitializeOnLoadMethodAttributes (18ms)
				AfterProcessingInitializeOnLoad (5ms)
				EditorAssembliesLoaded (0ms)
			ExecutionOrderSort2 (0ms)
			AwakeInstancesAfterBackupRestoration (5ms)
Platform modules already initialized, skipping
Refreshing native plugins compatible for Editor in 1.90 ms, found 3 plugins.
Preloading 0 native plugins for Editor in 0.00 ms.
Unloading 3413 Unused Serialized files (Serialized files now loaded: 0)
Unloading 20 unused Assets / (80.1 KB). Loaded Objects now: 3899.
Memory consumption went from 122.8 MB to 122.7 MB.
Total: 2.459300 ms (FindLiveObjects: 0.314600 ms CreateObjectMapping: 0.062000 ms MarkObjects: 1.987000 ms  DeleteObjects: 0.094200 ms)

AssetImportParameters requested are different than current active one (requested -> active):
  custom:video-decoder-ogg-theora: a1e56fd34408186e4bbccfd4996cb3dc -> 
  custom:container-muxer-webm: aa71ff27fc2769a1b78a27578f13a17b -> 
  custom:container-demuxer-webm: 4f35f7cbe854078d1ac9338744f61a02 -> 
  custom:video-encoder-webm-vp8: eb34c28f22e8b96e1ab97ce403110664 -> 
  custom:audio-encoder-webm-vorbis: bf7c407c2cedff20999df2af8eb42d56 -> 
  custom:framework-win-MediaFoundation: 216162199b28c13a410421893ffa2e32 -> 
  custom:container-demuxer-ogg: 62fdf1f143b41e24485cea50d1cbac27 -> 
  custom:video-decoder-webm-vp8: 9c59270c3fd7afecdb556c50c9e8de78 -> 
  custom:audio-decoder-ogg-vorbis: bf7c407c2cedff20999df2af8eb42d56 -> 
========================================================================
Received Prepare
Registering precompiled user dll's ...
Registered in 0.003200 seconds.
Begin MonoManager ReloadAssembly
Symbol file LoadedFromMemory doesn't match image C:\Users\carso\OneDrive\Desktop\Unity Games\Noir Heist\Library\PackageCache\com.unity.visualscripting@1.8.0\Editor\VisualScripting.Core\Dependencies\YamlDotNet\Unity.VisualScripting.YamlDotNet.dll
Symbol file LoadedFromMemory doesn't match image C:\Users\carso\OneDrive\Desktop\Unity Games\Noir Heist\Library\PackageCache\com.unity.visualscripting@1.8.0\Editor\VisualScripting.Core\Dependencies\DotNetZip\Unity.VisualScripting.IonicZip.dll
Native extension for WindowsStandalone target not found
Refreshing native plugins compatible for Editor in 0.42 ms, found 3 plugins.
Preloading 0 native plugins for Editor in 0.00 ms.
Mono: successfully reloaded assembly
- Completed reload, in  0.678 seconds
Domain Reload Profiling:
	ReloadAssembly (678ms)
		BeginReloadAssembly (90ms)
			ExecutionOrderSort (0ms)
			DisableScriptedObjects (3ms)
			BackupInstance (0ms)
			ReleaseScriptingObjects (0ms)
			CreateAndSetChildDomain (24ms)
		EndReloadAssembly (526ms)
			LoadAssemblies (55ms)
			RebuildTransferFunctionScriptingTraits (0ms)
			SetupTypeCache (163ms)
			ReleaseScriptCaches (1ms)
			RebuildScriptCaches (26ms)
			SetupLoadedEditorAssemblies (247ms)
				LogAssemblyErrors (0ms)
				InitializePlatformSupportModulesInManaged (9ms)
				SetLoadedEditorAssemblies (0ms)
				RefreshPlugins (0ms)
				BeforeProcessingInitializeOnLoad (46ms)
				ProcessInitializeOnLoadAttributes (166ms)
				ProcessInitializeOnLoadMethodAttributes (19ms)
				AfterProcessingInitializeOnLoad (6ms)
				EditorAssembliesLoaded (0ms)
			ExecutionOrderSort2 (0ms)
			AwakeInstancesAfterBackupRestoration (5ms)
Platform modules already initialized, skipping
Refreshing native plugins compatible for Editor in 1.32 ms, found 3 plugins.
Preloading 0 native plugins for Editor in 0.00 ms.
Unloading 3413 Unused Serialized files (Serialized files now loaded: 0)
Unloading 20 unused Assets / (80.0 KB). Loaded Objects now: 3902.
Memory consumption went from 122.5 MB to 122.4 MB.
Total: 2.198000 ms (FindLiveObjects: 0.176100 ms CreateObjectMapping: 0.070800 ms MarkObjects: 1.884300 ms  DeleteObjects: 0.066000 ms)

AssetImportParameters requested are different than current active one (requested -> active):
  custom:video-decoder-ogg-theora: a1e56fd34408186e4bbccfd4996cb3dc -> 
  custom:container-muxer-webm: aa71ff27fc2769a1b78a27578f13a17b -> 
  custom:container-demuxer-webm: 4f35f7cbe854078d1ac9338744f61a02 -> 
  custom:video-encoder-webm-vp8: eb34c28f22e8b96e1ab97ce403110664 -> 
  custom:audio-encoder-webm-vorbis: bf7c407c2cedff20999df2af8eb42d56 -> 
  custom:framework-win-MediaFoundation: 216162199b28c13a410421893ffa2e32 -> 
  custom:container-demuxer-ogg: 62fdf1f143b41e24485cea50d1cbac27 -> 
  custom:video-decoder-webm-vp8: 9c59270c3fd7afecdb556c50c9e8de78 -> 
  custom:audio-decoder-ogg-vorbis: bf7c407c2cedff20999df2af8eb42d56 -> 
========================================================================
Received Prepare
Registering precompiled user dll's ...
Registered in 0.004192 seconds.
Begin MonoManager ReloadAssembly
Symbol file LoadedFromMemory doesn't match image C:\Users\carso\OneDrive\Desktop\Unity Games\Noir Heist\Library\PackageCache\com.unity.visualscripting@1.8.0\Editor\VisualScripting.Core\Dependencies\YamlDotNet\Unity.VisualScripting.YamlDotNet.dll
Symbol file LoadedFromMemory doesn't match image C:\Users\carso\OneDrive\Desktop\Unity Games\Noir Heist\Library\PackageCache\com.unity.visualscripting@1.8.0\Editor\VisualScripting.Core\Dependencies\DotNetZip\Unity.VisualScripting.IonicZip.dll
Native extension for WindowsStandalone target not found
Refreshing native plugins compatible for Editor in 0.43 ms, found 3 plugins.
Preloading 0 native plugins for Editor in 0.00 ms.
Mono: successfully reloaded assembly
- Completed reload, in  0.680 seconds
Domain Reload Profiling:
	ReloadAssembly (681ms)
		BeginReloadAssembly (87ms)
			ExecutionOrderSort (0ms)
			DisableScriptedObjects (4ms)
			BackupInstance (0ms)
			ReleaseScriptingObjects (0ms)
			CreateAndSetChildDomain (24ms)
		EndReloadAssembly (531ms)
			LoadAssemblies (52ms)
			RebuildTransferFunctionScriptingTraits (0ms)
			SetupTypeCache (172ms)
			ReleaseScriptCaches (1ms)
			RebuildScriptCaches (27ms)
			SetupLoadedEditorAssemblies (242ms)
				LogAssemblyErrors (0ms)
				InitializePlatformSupportModulesInManaged (9ms)
				SetLoadedEditorAssemblies (0ms)
				RefreshPlugins (0ms)
				BeforeProcessingInitializeOnLoad (44ms)
				ProcessInitializeOnLoadAttributes (163ms)
				ProcessInitializeOnLoadMethodAttributes (19ms)
				AfterProcessingInitializeOnLoad (5ms)
				EditorAssembliesLoaded (0ms)
			ExecutionOrderSort2 (0ms)
			AwakeInstancesAfterBackupRestoration (5ms)
Platform modules already initialized, skipping
Refreshing native plugins compatible for Editor in 1.38 ms, found 3 plugins.
Preloading 0 native plugins for Editor in 0.00 ms.
Unloading 3413 Unused Serialized files (Serialized files now loaded: 0)
Unloading 20 unused Assets / (80.2 KB). Loaded Objects now: 3905.
Memory consumption went from 122.5 MB to 122.4 MB.
Total: 2.239900 ms (FindLiveObjects: 0.150400 ms CreateObjectMapping: 0.072100 ms MarkObjects: 1.952600 ms  DeleteObjects: 0.064000 ms)

AssetImportParameters requested are different than current active one (requested -> active):
  custom:video-decoder-ogg-theora: a1e56fd34408186e4bbccfd4996cb3dc -> 
  custom:container-muxer-webm: aa71ff27fc2769a1b78a27578f13a17b -> 
  custom:container-demuxer-webm: 4f35f7cbe854078d1ac9338744f61a02 -> 
  custom:video-encoder-webm-vp8: eb34c28f22e8b96e1ab97ce403110664 -> 
  custom:audio-encoder-webm-vorbis: bf7c407c2cedff20999df2af8eb42d56 -> 
  custom:framework-win-MediaFoundation: 216162199b28c13a410421893ffa2e32 -> 
  custom:container-demuxer-ogg: 62fdf1f143b41e24485cea50d1cbac27 -> 
  custom:video-decoder-webm-vp8: 9c59270c3fd7afecdb556c50c9e8de78 -> 
  custom:audio-decoder-ogg-vorbis: bf7c407c2cedff20999df2af8eb42d56 -> 
========================================================================
Received Import Request.
  Time since last request: 565048.945412 seconds.
  path: Assets/Enhanced Trigger Box/Prefabs/Enemy.prefab
  artifactKey: Guid(33e330474f61a2a4e9bff14f36342689) Importer(815301076,1909f56bfc062723c751e8b465ee728b)
Start importing Assets/Enhanced Trigger Box/Prefabs/Enemy.prefab using Guid(33e330474f61a2a4e9bff14f36342689) Importer(815301076,1909f56bfc062723c751e8b465ee728b) The Animator Controller (Enemy 1) you have used is not valid. Animations will not play
UnityEngine.StackTraceUtility:ExtractStackTrace ()
UnityEditor.EditorUtility:Internal_InstantiateRemoveAllNonAnimationComponentsSingle (UnityEngine.Object,UnityEngine.Vector3,UnityEngine.Quaternion)
UnityEditor.EditorUtility:InstantiateRemoveAllNonAnimationComponents (UnityEngine.Object,UnityEngine.Vector3,UnityEngine.Quaternion)
UnityEditor.EditorUtility:InstantiateForAnimatorPreview (UnityEngine.Object)
UnityEditor.GameObjectInspector/PreviewData:UpdateGameObject (UnityEngine.Object)
UnityEditor.GameObjectInspector/PreviewData:.ctor (UnityEngine.Object)
UnityEditor.GameObjectInspector:GetPreviewData ()
UnityEditor.GameObjectInspector:RenderStaticPreview (string,UnityEngine.Object[],int,int)
UnityEditor.AssetPreviewUpdater:CreatePreview (UnityEngine.Object,UnityEngine.Object[],string,int,int)
UnityEditor.AssetPreviewUpdater:CreatePreviewForAsset (UnityEngine.Object,UnityEngine.Object[],string)

[C:\build\output\unity\unity\Modules\Animation\Director\AnimatorControllerPlayable.cpp line 333]

The Animator Controller (Enemy 1) you have used is not valid. Animations will not play
UnityEngine.StackTraceUtility:ExtractStackTrace ()
UnityEditor.EditorUtility:InitInstantiatedPreviewRecursive (UnityEngine.GameObject)
UnityEditor.EditorUtility:InstantiateForAnimatorPreview (UnityEngine.Object)
UnityEditor.GameObjectInspector/PreviewData:UpdateGameObject (UnityEngine.Object)
UnityEditor.GameObjectInspector/PreviewData:.ctor (UnityEngine.Object)
UnityEditor.GameObjectInspector:GetPreviewData ()
UnityEditor.GameObjectInspector:RenderStaticPreview (string,UnityEngine.Object[],int,int)
UnityEditor.AssetPreviewUpdater:CreatePreview (UnityEngine.Object,UnityEngine.Object[],string,int,int)
UnityEditor.AssetPreviewUpdater:CreatePreviewForAsset (UnityEngine.Object,UnityEngine.Object[],string)

[C:\build\output\unity\unity\Modules\Animation\Director\AnimatorControllerPlayable.cpp line 333]

 -> (artifact id: '9226bdd4ed3499547ccc6933f1fd854d') in 0.104387 seconds 
========================================================================
Received Prepare
Registering precompiled user dll's ...
Registered in 0.003101 seconds.
Begin MonoManager ReloadAssembly
Symbol file LoadedFromMemory doesn't match image C:\Users\carso\OneDrive\Desktop\Unity Games\Noir Heist\Library\PackageCache\com.unity.visualscripting@1.8.0\Editor\VisualScripting.Core\Dependencies\YamlDotNet\Unity.VisualScripting.YamlDotNet.dll
Symbol file LoadedFromMemory doesn't match image C:\Users\carso\OneDrive\Desktop\Unity Games\Noir Heist\Library\PackageCache\com.unity.visualscripting@1.8.0\Editor\VisualScripting.Core\Dependencies\DotNetZip\Unity.VisualScripting.IonicZip.dll
Native extension for WindowsStandalone target not found
Refreshing native plugins compatible for Editor in 0.43 ms, found 3 plugins.
Preloading 0 native plugins for Editor in 0.00 ms.
Mono: successfully reloaded assembly
- Completed reload, in  0.691 seconds
Domain Reload Profiling:
	ReloadAssembly (691ms)
		BeginReloadAssembly (88ms)
			ExecutionOrderSort (0ms)
			DisableScriptedObjects (3ms)
			BackupInstance (0ms)
			ReleaseScriptingObjects (0ms)
			CreateAndSetChildDomain (25ms)
		EndReloadAssembly (540ms)
			LoadAssemblies (53ms)
			RebuildTransferFunctionScriptingTraits (0ms)
			SetupTypeCache (176ms)
			ReleaseScriptCaches (1ms)
			RebuildScriptCaches (27ms)
			SetupLoadedEditorAssemblies (246ms)
				LogAssemblyErrors (0ms)
				InitializePlatformSupportModulesInManaged (9ms)
				SetLoadedEditorAssemblies (1ms)
				RefreshPlugins (0ms)
				BeforeProcessingInitializeOnLoad (45ms)
				ProcessInitializeOnLoadAttributes (166ms)
				ProcessInitializeOnLoadMethodAttributes (19ms)
				AfterProcessingInitializeOnLoad (5ms)
				EditorAssembliesLoaded (0ms)
			ExecutionOrderSort2 (0ms)
			AwakeInstancesAfterBackupRestoration (5ms)
Platform modules already initialized, skipping
Refreshing native plugins compatible for Editor in 1.27 ms, found 3 plugins.
Preloading 0 native plugins for Editor in 0.00 ms.
Unloading 3413 Unused Serialized files (Serialized files now loaded: 0)
Unloading 20 unused Assets / (80.4 KB). Loaded Objects now: 3917.
Memory consumption went from 127.1 MB to 127.0 MB.
Total: 2.691800 ms (FindLiveObjects: 0.167100 ms CreateObjectMapping: 0.094400 ms MarkObjects: 2.363000 ms  DeleteObjects: 0.066500 ms)

AssetImportParameters requested are different than current active one (requested -> active):
  custom:video-decoder-ogg-theora: a1e56fd34408186e4bbccfd4996cb3dc -> 
  custom:container-muxer-webm: aa71ff27fc2769a1b78a27578f13a17b -> 
  custom:container-demuxer-webm: 4f35f7cbe854078d1ac9338744f61a02 -> 
  custom:video-encoder-webm-vp8: eb34c28f22e8b96e1ab97ce403110664 -> 
  custom:audio-encoder-webm-vorbis: bf7c407c2cedff20999df2af8eb42d56 -> 
  custom:framework-win-MediaFoundation: 216162199b28c13a410421893ffa2e32 -> 
  custom:container-demuxer-ogg: 62fdf1f143b41e24485cea50d1cbac27 -> 
  custom:video-decoder-webm-vp8: 9c59270c3fd7afecdb556c50c9e8de78 -> 
  custom:audio-decoder-ogg-vorbis: bf7c407c2cedff20999df2af8eb42d56 -> 
========================================================================
Received Import Request.
  Time since last request: 118.277445 seconds.
  path: Assets/Footsteps - Essentials/Footsteps_Metal/Footsteps_Metal_Walk/Footsteps_MetalV1_Walk_06.wav
  artifactKey: Guid(83c58d64f2e240c41b1f2c2885b253a6) Importer(815301076,1909f56bfc062723c751e8b465ee728b)
Start importing Assets/Footsteps - Essentials/Footsteps_Metal/Footsteps_Metal_Walk/Footsteps_MetalV1_Walk_06.wav using Guid(83c58d64f2e240c41b1f2c2885b253a6) Importer(815301076,1909f56bfc062723c751e8b465ee728b)  -> (artifact id: '93e7a096ba2ab669f2661065baedf357') in 0.094866 seconds 
========================================================================
Received Import Request.
  Time since last request: 0.000028 seconds.
  path: Assets/Footsteps - Essentials/Footsteps_Metal/Footsteps_Metal_Walk/Footsteps_MetalV2_Walk_09.wav
  artifactKey: Guid(9535c599feb8b7a4990789aebab305e4) Importer(815301076,1909f56bfc062723c751e8b465ee728b)
Start importing Assets/Footsteps - Essentials/Footsteps_Metal/Footsteps_Metal_Walk/Footsteps_MetalV2_Walk_09.wav using Guid(9535c599feb8b7a4990789aebab305e4) Importer(815301076,1909f56bfc062723c751e8b465ee728b)  -> (artifact id: '7ab029c3fef56be10448557b453dbb98') in 0.042427 seconds 
========================================================================
Received Import Request.
  Time since last request: 0.000028 seconds.
  path: Assets/Footsteps - Essentials/Footsteps_Metal/Footsteps_Metal_Walk/Footsteps_MetalV2_Walk_02.wav
  artifactKey: Guid(4ebaaf27aa23a0446b8fd874d60909e5) Importer(815301076,1909f56bfc062723c751e8b465ee728b)
Start importing Assets/Footsteps - Essentials/Footsteps_Metal/Footsteps_Metal_Walk/Footsteps_MetalV2_Walk_02.wav using Guid(4ebaaf27aa23a0446b8fd874d60909e5) Importer(815301076,1909f56bfc062723c751e8b465ee728b)  -> (artifact id: '73f95abc1ea436c130b090e80a93491c') in 0.020306 seconds 
========================================================================
Received Import Request.
  Time since last request: 0.000021 seconds.
  path: Assets/Footsteps - Essentials/Footsteps_Metal/Footsteps_Metal_Walk/Footsteps_MetalV2_Walk_12.wav
  artifactKey: Guid(6b7628f8c05047a4fbef52fe3ed4729d) Importer(815301076,1909f56bfc062723c751e8b465ee728b)
Start importing Assets/Footsteps - Essentials/Footsteps_Metal/Footsteps_Metal_Walk/Footsteps_MetalV2_Walk_12.wav using Guid(6b7628f8c05047a4fbef52fe3ed4729d) Importer(815301076,1909f56bfc062723c751e8b465ee728b)  -> (artifact id: '06c223fc2c29f4ac8f39452747755422') in 0.018783 seconds 
========================================================================
Received Import Request.
  Time since last request: 0.000014 seconds.
  path: Assets/Footsteps - Essentials/Footsteps_Metal/Footsteps_Metal_Walk/Footsteps_MetalV2_Walk_04.wav
  artifactKey: Guid(b2d0936410eda534bb65c5f1794cb663) Importer(815301076,1909f56bfc062723c751e8b465ee728b)
Start importing Assets/Footsteps - Essentials/Footsteps_Metal/Footsteps_Metal_Walk/Footsteps_MetalV2_Walk_04.wav using Guid(b2d0936410eda534bb65c5f1794cb663) Importer(815301076,1909f56bfc062723c751e8b465ee728b)  -> (artifact id: 'e990b0aaab8a1b45d46272d43a94708c') in 0.020441 seconds 
========================================================================
Received Import Request.
  Time since last request: 0.000018 seconds.
  path: Assets/Footsteps - Essentials/Footsteps_Metal/Footsteps_Metal_Walk/Footsteps_MetalV2_Walk_08.wav
  artifactKey: Guid(403d45f89131a5a4f9afe643ccbf4f18) Importer(815301076,1909f56bfc062723c751e8b465ee728b)
Start importing Assets/Footsteps - Essentials/Footsteps_Metal/Footsteps_Metal_Walk/Footsteps_MetalV2_Walk_08.wav using Guid(403d45f89131a5a4f9afe643ccbf4f18) Importer(815301076,1909f56bfc062723c751e8b465ee728b)  -> (artifact id: '7eabbd57bad023e14f0dc1868864e58f') in 0.015857 seconds 
========================================================================
Received Import Request.
  Time since last request: 0.000018 seconds.
  path: Assets/Footsteps - Essentials/Footsteps_Metal/Footsteps_Metal_Walk/Footsteps_MetalV1_Walk_15.wav
  artifactKey: Guid(63218441cc62b42499a5df11d6393821) Importer(815301076,1909f56bfc062723c751e8b465ee728b)
Start importing Assets/Footsteps - Essentials/Footsteps_Metal/Footsteps_Metal_Walk/Footsteps_MetalV1_Walk_15.wav using Guid(63218441cc62b42499a5df11d6393821) Importer(815301076,1909f56bfc062723c751e8b465ee728b)  -> (artifact id: '94a6e8d9422282aca9739a2467d64e06') in 0.020966 seconds 
========================================================================
Received Import Request.
  Time since last request: 0.000022 seconds.
  path: Assets/Footsteps - Essentials/Footsteps_Mud/Footsteps_Mud_Walk/Footsteps_Mud_Walk_04.wav
  artifactKey: Guid(e702c6b7953d72f42a62778c969b44ce) Importer(815301076,1909f56bfc062723c751e8b465ee728b)
Start importing Assets/Footsteps - Essentials/Footsteps_Mud/Footsteps_Mud_Walk/Footsteps_Mud_Walk_04.wav using Guid(e702c6b7953d72f42a62778c969b44ce) Importer(815301076,1909f56bfc062723c751e8b465ee728b)  -> (artifact id: '120faffb3bab0e503dff0d7698c8209f') in 0.017203 seconds 
========================================================================
Received Import Request.
  Time since last request: 0.000020 seconds.
  path: Assets/Footsteps - Essentials/Footsteps_Metal/Footsteps_Metal_Walk/Footsteps_MetalV1_Walk_14.wav
  artifactKey: Guid(4290a2df9f7c8ee4fbe7fee539c5bf30) Importer(815301076,1909f56bfc062723c751e8b465ee728b)
Start importing Assets/Footsteps - Essentials/Footsteps_Metal/Footsteps_Metal_Walk/Footsteps_MetalV1_Walk_14.wav using Guid(4290a2df9f7c8ee4fbe7fee539c5bf30) Importer(815301076,1909f56bfc062723c751e8b465ee728b)  -> (artifact id: 'e1b547fa81b0d893117954455c1c7bd3') in 0.023857 seconds 
========================================================================
Received Import Request.
  Time since last request: 0.000019 seconds.
  path: Assets/Footsteps - Essentials/Footsteps_Metal/Footsteps_Metal_Jump/Footsteps_MetalV2_Jump_Start_02.wav
  artifactKey: Guid(293f9cc4ac64b3b4cb6f57d953bca997) Importer(815301076,1909f56bfc062723c751e8b465ee728b)
Start importing Assets/Footsteps - Essentials/Footsteps_Metal/Footsteps_Metal_Jump/Footsteps_MetalV2_Jump_Start_02.wav using Guid(293f9cc4ac64b3b4cb6f57d953bca997) Importer(815301076,1909f56bfc062723c751e8b465ee728b)  -> (artifact id: '4def632b0187591dc8c76b81cd1829dd') in 0.018711 seconds 
========================================================================
Received Import Request.
  Time since last request: 0.000018 seconds.
  path: Assets/Footsteps - Essentials/Footsteps_Metal/Footsteps_Metal_Walk/Footsteps_MetalV2_Walk_06.wav
  artifactKey: Guid(644dc4517bc1c9c40bf1e80d0b048f5b) Importer(815301076,1909f56bfc062723c751e8b465ee728b)
Start importing Assets/Footsteps - Essentials/Footsteps_Metal/Footsteps_Metal_Walk/Footsteps_MetalV2_Walk_06.wav using Guid(644dc4517bc1c9c40bf1e80d0b048f5b) Importer(815301076,1909f56bfc062723c751e8b465ee728b)  -> (artifact id: '60bc63a1f0b6c026613b287a7e44237a') in 0.016577 seconds 
========================================================================
Received Import Request.
  Time since last request: 0.000018 seconds.
  path: Assets/Footsteps - Essentials/Footsteps_Metal/Footsteps_Metal_Walk/Footsteps_MetalV2_Walk_05.wav
  artifactKey: Guid(d2b2858ce5c7ca9428bfd0e424d5a82d) Importer(815301076,1909f56bfc062723c751e8b465ee728b)
Start importing Assets/Footsteps - Essentials/Footsteps_Metal/Footsteps_Metal_Walk/Footsteps_MetalV2_Walk_05.wav using Guid(d2b2858ce5c7ca9428bfd0e424d5a82d) Importer(815301076,1909f56bfc062723c751e8b465ee728b)  -> (artifact id: '007085d3ad584e6bf45d74ef9252259d') in 0.016689 seconds 
========================================================================
Received Import Request.
  Time since last request: 0.000028 seconds.
  path: Assets/Footsteps - Essentials/Footsteps_Rock/Footsteps_Rock_Jump/Footsteps_Rock_Jump_Start_02.wav
  artifactKey: Guid(e708389b7a8f64a46aa12d201c187b69) Importer(815301076,1909f56bfc062723c751e8b465ee728b)
Start importing Assets/Footsteps - Essentials/Footsteps_Rock/Footsteps_Rock_Jump/Footsteps_Rock_Jump_Start_02.wav using Guid(e708389b7a8f64a46aa12d201c187b69) Importer(815301076,1909f56bfc062723c751e8b465ee728b)  -> (artifact id: '8165336206c36b0a01fdfab3de942102') in 0.022197 seconds 
========================================================================
Received Import Request.
  Time since last request: 0.000016 seconds.
  path: Assets/Footsteps - Essentials/Footsteps_Rock/Footsteps_Rock_Walk/Footsteps_Rock_Walk_07.wav
  artifactKey: Guid(f0f794c67e9233d468a38d165590d253) Importer(815301076,1909f56bfc062723c751e8b465ee728b)
Start importing Assets/Footsteps - Essentials/Footsteps_Rock/Footsteps_Rock_Walk/Footsteps_Rock_Walk_07.wav using Guid(f0f794c67e9233d468a38d165590d253) Importer(815301076,1909f56bfc062723c751e8b465ee728b)  -> (artifact id: '34f25ad9a44b848ee7a67341e155208d') in 0.023252 seconds 
========================================================================
Received Import Request.
  Time since last request: 0.000020 seconds.
  path: Assets/Footsteps - Essentials/Footsteps_Rock/Footsteps_Rock_Walk/Footsteps_Rock_Walk_06.wav
  artifactKey: Guid(314d37dfb74502a4094b835d0e0d6c23) Importer(815301076,1909f56bfc062723c751e8b465ee728b)
Start importing Assets/Footsteps - Essentials/Footsteps_Rock/Footsteps_Rock_Walk/Footsteps_Rock_Walk_06.wav using Guid(314d37dfb74502a4094b835d0e0d6c23) Importer(815301076,1909f56bfc062723c751e8b465ee728b)  -> (artifact id: '1f97a3454a96c3cd2eaa0b89cc289345') in 0.015385 seconds 
========================================================================
Received Import Request.
  Time since last request: 0.000017 seconds.
  path: Assets/Footsteps - Essentials/Footsteps_Sand/Footsteps_Sand_Jump/Footsteps_Sand_Jump_Land_05.wav
  artifactKey: Guid(778bae15671a6c74c93c28c84cae9fe4) Importer(815301076,1909f56bfc062723c751e8b465ee728b)
Start importing Assets/Footsteps - Essentials/Footsteps_Sand/Footsteps_Sand_Jump/Footsteps_Sand_Jump_Land_05.wav using Guid(778bae15671a6c74c93c28c84cae9fe4) Importer(815301076,1909f56bfc062723c751e8b465ee728b)  -> (artifact id: '256c03db95f15c17ae769f046e04542b') in 0.015439 seconds 
========================================================================
Received Import Request.
  Time since last request: 0.000019 seconds.
  path: Assets/Footsteps - Essentials/Footsteps_Rock/Footsteps_Rock_Walk/Footsteps_Rock_Walk_08.wav
  artifactKey: Guid(1a7741daba5446e46a40f8074aae75dc) Importer(815301076,1909f56bfc062723c751e8b465ee728b)
Start importing Assets/Footsteps - Essentials/Footsteps_Rock/Footsteps_Rock_Walk/Footsteps_Rock_Walk_08.wav using Guid(1a7741daba5446e46a40f8074aae75dc) Importer(815301076,1909f56bfc062723c751e8b465ee728b)  -> (artifact id: '14ae341ac28dbfbcf42ece6863e14a4e') in 0.016590 seconds 
========================================================================
Received Import Request.
  Time since last request: 0.000018 seconds.
  path: Assets/Footsteps - Essentials/Footsteps_Mud/Footsteps_Mud_Walk/Footsteps_Mud_Walk_08.wav
  artifactKey: Guid(6e6c9769d9509db4e8d892892f70aa11) Importer(815301076,1909f56bfc062723c751e8b465ee728b)
Start importing Assets/Footsteps - Essentials/Footsteps_Mud/Footsteps_Mud_Walk/Footsteps_Mud_Walk_08.wav using Guid(6e6c9769d9509db4e8d892892f70aa11) Importer(815301076,1909f56bfc062723c751e8b465ee728b)  -> (artifact id: '13312aeca618d75df88fb49b5689b39a') in 0.018935 seconds 
========================================================================
Received Import Request.
  Time since last request: 0.000027 seconds.
  path: Assets/Footsteps - Essentials/Footsteps_Sand/Footsteps_Sand_Jump/Footsteps_Sand_Jump_Land_01.wav
  artifactKey: Guid(9064dac268872fd48bf90e84554267ab) Importer(815301076,1909f56bfc062723c751e8b465ee728b)
Start importing Assets/Footsteps - Essentials/Footsteps_Sand/Footsteps_Sand_Jump/Footsteps_Sand_Jump_Land_01.wav using Guid(9064dac268872fd48bf90e84554267ab) Importer(815301076,1909f56bfc062723c751e8b465ee728b)  -> (artifact id: '51838414a222c25e67911c2ed9b612f5') in 0.015554 seconds 
========================================================================
Received Import Request.
  Time since last request: 0.000029 seconds.
  path: Assets/Footsteps - Essentials/Footsteps_Mud/Footsteps_Mud_Walk/Footsteps_Mud_Walk_07.wav
  artifactKey: Guid(078fe382794838e43afb6bb0bca6c089) Importer(815301076,1909f56bfc062723c751e8b465ee728b)
Start importing Assets/Footsteps - Essentials/Footsteps_Mud/Footsteps_Mud_Walk/Footsteps_Mud_Walk_07.wav using Guid(078fe382794838e43afb6bb0bca6c089) Importer(815301076,1909f56bfc062723c751e8b465ee728b)  -> (artifact id: '083acee61b44427ef860718060af1781') in 0.017613 seconds 
========================================================================
Received Import Request.
  Time since last request: 0.000020 seconds.
  path: Assets/Footsteps - Essentials/Footsteps_Mud/Footsteps_Mud_Walk/Footsteps_Mud_Walk_05.wav
  artifactKey: Guid(c3a0d384acb5b9a4d8af0bee5d2820a6) Importer(815301076,1909f56bfc062723c751e8b465ee728b)
Start importing Assets/Footsteps - Essentials/Footsteps_Mud/Footsteps_Mud_Walk/Footsteps_Mud_Walk_05.wav using Guid(c3a0d384acb5b9a4d8af0bee5d2820a6) Importer(815301076,1909f56bfc062723c751e8b465ee728b)  -> (artifact id: '721bbdfb77488271993c13149a2da405') in 0.016582 seconds 
========================================================================
Received Import Request.
  Time since last request: 0.000030 seconds.
  path: Assets/Footsteps - Essentials/Footsteps_Mud/Footsteps_Mud_Walk/Footsteps_Mud_Walk_01.wav
  artifactKey: Guid(e3edc2a270af5c04886ab9c5fa4fced6) Importer(815301076,1909f56bfc062723c751e8b465ee728b)
Start importing Assets/Footsteps - Essentials/Footsteps_Mud/Footsteps_Mud_Walk/Footsteps_Mud_Walk_01.wav using Guid(e3edc2a270af5c04886ab9c5fa4fced6) Importer(815301076,1909f56bfc062723c751e8b465ee728b)  -> (artifact id: '03223a7f03376daac749432a52b4cf79') in 0.017029 seconds 
========================================================================
Received Import Request.
  Time since last request: 0.000023 seconds.
  path: Assets/Footsteps - Essentials/Footsteps_Rock/Footsteps_Rock_Walk/Footsteps_Rock_Walk_09.wav
  artifactKey: Guid(0bc66974c41ff8c4fa15f46d21ad3548) Importer(815301076,1909f56bfc062723c751e8b465ee728b)
Start importing Assets/Footsteps - Essentials/Footsteps_Rock/Footsteps_Rock_Walk/Footsteps_Rock_Walk_09.wav using Guid(0bc66974c41ff8c4fa15f46d21ad3548) Importer(815301076,1909f56bfc062723c751e8b465ee728b)  -> (artifact id: '9123d699410f09dbfdcde03d9223433e') in 0.016276 seconds 
========================================================================
Received Import Request.
  Time since last request: 0.000027 seconds.
  path: Assets/Footsteps - Essentials/Footsteps_Mud/Footsteps_Mud_Walk/Footsteps_Mud_Walk_03.wav
  artifactKey: Guid(64a3500e0328dba43a0bc91e55dcef3f) Importer(815301076,1909f56bfc062723c751e8b465ee728b)
Start importing Assets/Footsteps - Essentials/Footsteps_Mud/Footsteps_Mud_Walk/Footsteps_Mud_Walk_03.wav using Guid(64a3500e0328dba43a0bc91e55dcef3f) Importer(815301076,1909f56bfc062723c751e8b465ee728b)  -> (artifact id: 'bea925bae48df68647fb3bc2613285f7') in 0.016399 seconds 
========================================================================
Received Import Request.
  Time since last request: 0.000023 seconds.
  path: Assets/Footsteps - Essentials/Footsteps_Rock/Footsteps_Rock_Walk/Footsteps_Rock_Walk_03.wav
  artifactKey: Guid(a03a96c5d1e99b4409ddd79098abd9ab) Importer(815301076,1909f56bfc062723c751e8b465ee728b)
Start importing Assets/Footsteps - Essentials/Footsteps_Rock/Footsteps_Rock_Walk/Footsteps_Rock_Walk_03.wav using Guid(a03a96c5d1e99b4409ddd79098abd9ab) Importer(815301076,1909f56bfc062723c751e8b465ee728b)  -> (artifact id: 'd0ccf3f564cb41df43c99ae60beb0c4a') in 0.018142 seconds 
========================================================================
Received Import Request.
  Time since last request: 0.000021 seconds.
  path: Assets/Footsteps - Essentials/Footsteps_Rock/Footsteps_Rock_Jump/Footsteps_Rock_Jump_Start_05.wav
  artifactKey: Guid(322f3dcfdbd5b5742a885bfbc4fe5365) Importer(815301076,1909f56bfc062723c751e8b465ee728b)
Start importing Assets/Footsteps - Essentials/Footsteps_Rock/Footsteps_Rock_Jump/Footsteps_Rock_Jump_Start_05.wav using Guid(322f3dcfdbd5b5742a885bfbc4fe5365) Importer(815301076,1909f56bfc062723c751e8b465ee728b)  -> (artifact id: '96416f51d7dfc0d560396950dc2ee1c6') in 0.015118 seconds 
========================================================================
Received Import Request.
  Time since last request: 0.000021 seconds.
  path: Assets/Footsteps - Essentials/Footsteps_Rock/Footsteps_Rock_Jump/Footsteps_Rock_Jump_Start_03.wav
  artifactKey: Guid(f85e18b3e969dac4bbfc7f6b18139932) Importer(815301076,1909f56bfc062723c751e8b465ee728b)
Start importing Assets/Footsteps - Essentials/Footsteps_Rock/Footsteps_Rock_Jump/Footsteps_Rock_Jump_Start_03.wav using Guid(f85e18b3e969dac4bbfc7f6b18139932) Importer(815301076,1909f56bfc062723c751e8b465ee728b)  -> (artifact id: '462e3abdf813d6112ab9de97839b5697') in 0.015352 seconds 
========================================================================
Received Import Request.
  Time since last request: 0.000020 seconds.
  path: Assets/Footsteps - Essentials/Footsteps_Rock/Footsteps_Rock_Run/Footsteps_Rock_Run_07.wav
  artifactKey: Guid(3069c9f7e833f8e4099228c28f9d65dd) Importer(815301076,1909f56bfc062723c751e8b465ee728b)
Start importing Assets/Footsteps - Essentials/Footsteps_Rock/Footsteps_Rock_Run/Footsteps_Rock_Run_07.wav using Guid(3069c9f7e833f8e4099228c28f9d65dd) Importer(815301076,1909f56bfc062723c751e8b465ee728b)  -> (artifact id: '4602cf238fe705dd6fea8e92c175064a') in 0.017247 seconds 
========================================================================
Received Import Request.
  Time since last request: 0.000018 seconds.
  path: Assets/Footsteps - Essentials/Footsteps_Mud/Footsteps_Mud_Walk/Footsteps_Mud_Walk_10.wav
  artifactKey: Guid(1300a1f7bbbf3f140aee0da44ba85694) Importer(815301076,1909f56bfc062723c751e8b465ee728b)
Start importing Assets/Footsteps - Essentials/Footsteps_Mud/Footsteps_Mud_Walk/Footsteps_Mud_Walk_10.wav using Guid(1300a1f7bbbf3f140aee0da44ba85694) Importer(815301076,1909f56bfc062723c751e8b465ee728b)  -> (artifact id: '7a2ceaeb56b7fc16e91e5af7aed00f6b') in 0.019368 seconds 
========================================================================
Received Import Request.
  Time since last request: 0.000020 seconds.
  path: Assets/Footsteps - Essentials/Footsteps_Metal/Footsteps_Metal_Walk/Footsteps_MetalV2_Walk_10.wav
  artifactKey: Guid(b6da35e1befe0014da25418951455674) Importer(815301076,1909f56bfc062723c751e8b465ee728b)
Start importing Assets/Footsteps - Essentials/Footsteps_Metal/Footsteps_Metal_Walk/Footsteps_MetalV2_Walk_10.wav using Guid(b6da35e1befe0014da25418951455674) Importer(815301076,1909f56bfc062723c751e8b465ee728b)  -> (artifact id: 'f1cd1e86c8eef1e8b36a0ac77cf03ec2') in 0.015928 seconds 
========================================================================
Received Import Request.
  Time since last request: 0.000016 seconds.
  path: Assets/Footsteps - Essentials/Footsteps_Metal/Footsteps_Metal_Walk/Footsteps_MetalV2_Walk_07.wav
  artifactKey: Guid(48470fafc45f3c04792793e1005e62e9) Importer(815301076,1909f56bfc062723c751e8b465ee728b)
Start importing Assets/Footsteps - Essentials/Footsteps_Metal/Footsteps_Metal_Walk/Footsteps_MetalV2_Walk_07.wav using Guid(48470fafc45f3c04792793e1005e62e9) Importer(815301076,1909f56bfc062723c751e8b465ee728b)  -> (artifact id: '619e914ac578797ac124dd4fa4b2513d') in 0.017826 seconds 
========================================================================
Received Import Request.
  Time since last request: 0.420428 seconds.
  path: Assets/Footsteps - Essentials/Footsteps_Sand/Footsteps_Sand_Jump/Footsteps_Sand_Jump_Start_02.wav
  artifactKey: Guid(64a62780b84db9645b00e69eb0621928) Importer(815301076,1909f56bfc062723c751e8b465ee728b)
Start importing Assets/Footsteps - Essentials/Footsteps_Sand/Footsteps_Sand_Jump/Footsteps_Sand_Jump_Start_02.wav using Guid(64a62780b84db9645b00e69eb0621928) Importer(815301076,1909f56bfc062723c751e8b465ee728b)  -> (artifact id: '99fb414d863e140774efe15c13ad9020') in 0.016707 seconds 
========================================================================
Received Import Request.
  Time since last request: 0.000017 seconds.
  path: Assets/Footsteps - Essentials/Footsteps_Sand/Footsteps_Sand_Run/Footsteps_Sand_Run_03.wav
  artifactKey: Guid(9fa438d00f348394a8f0f6c053659a36) Importer(815301076,1909f56bfc062723c751e8b465ee728b)
Start importing Assets/Footsteps - Essentials/Footsteps_Sand/Footsteps_Sand_Run/Footsteps_Sand_Run_03.wav using Guid(9fa438d00f348394a8f0f6c053659a36) Importer(815301076,1909f56bfc062723c751e8b465ee728b)  -> (artifact id: '482e568f9d0de44287a001030cc096bb') in 0.017697 seconds 
========================================================================
Received Import Request.
  Time since last request: 0.000025 seconds.
  path: Assets/Footsteps - Essentials/Footsteps_Sand/Footsteps_Sand_Run/Footsteps_Sand_Run_11.wav
  artifactKey: Guid(add3298d47405fd4da3a313bbc049fe2) Importer(815301076,1909f56bfc062723c751e8b465ee728b)
Start importing Assets/Footsteps - Essentials/Footsteps_Sand/Footsteps_Sand_Run/Footsteps_Sand_Run_11.wav using Guid(add3298d47405fd4da3a313bbc049fe2) Importer(815301076,1909f56bfc062723c751e8b465ee728b)  -> (artifact id: '6003ba828db15800872c20cb303e7092') in 0.017488 seconds 
========================================================================
Received Import Request.
  Time since last request: 0.000018 seconds.
  path: Assets/Footsteps - Essentials/Footsteps_Sand/Footsteps_Sand_Run/Footsteps_Sand_Run_08.wav
  artifactKey: Guid(db210683cc12f49488148d7e59a51aec) Importer(815301076,1909f56bfc062723c751e8b465ee728b)
Start importing Assets/Footsteps - Essentials/Footsteps_Sand/Footsteps_Sand_Run/Footsteps_Sand_Run_08.wav using Guid(db210683cc12f49488148d7e59a51aec) Importer(815301076,1909f56bfc062723c751e8b465ee728b)  -> (artifact id: '242c9f5d14cf3ad783effb52f8b091fe') in 0.018197 seconds 
========================================================================
Received Import Request.
  Time since last request: 0.000022 seconds.
  path: Assets/Footsteps - Essentials/Footsteps_Sand/Footsteps_Sand_Jump/Footsteps_Sand_Jump_Start_05.wav
  artifactKey: Guid(e161741de42dca1428e352cf4e26b50f) Importer(815301076,1909f56bfc062723c751e8b465ee728b)
Start importing Assets/Footsteps - Essentials/Footsteps_Sand/Footsteps_Sand_Jump/Footsteps_Sand_Jump_Start_05.wav using Guid(e161741de42dca1428e352cf4e26b50f) Importer(815301076,1909f56bfc062723c751e8b465ee728b)  -> (artifact id: 'e5092fc6d473bf19e39c35a6cf6aa243') in 0.020122 seconds 
========================================================================
Received Import Request.
  Time since last request: 0.000019 seconds.
  path: Assets/Footsteps - Essentials/Footsteps_Sand/Footsteps_Sand_Walk/Footsteps_Sand_Walk_13.wav
  artifactKey: Guid(31fe8f8b6102ca748b207a66a89b5c6a) Importer(815301076,1909f56bfc062723c751e8b465ee728b)
Start importing Assets/Footsteps - Essentials/Footsteps_Sand/Footsteps_Sand_Walk/Footsteps_Sand_Walk_13.wav using Guid(31fe8f8b6102ca748b207a66a89b5c6a) Importer(815301076,1909f56bfc062723c751e8b465ee728b)  -> (artifact id: 'a91eae1bf445ae48c58ec83b9b255840') in 0.026352 seconds 
========================================================================
Received Import Request.
  Time since last request: 0.000022 seconds.
  path: Assets/Footsteps - Essentials/Footsteps_Sand/Footsteps_Sand_Walk/Footsteps_Sand_Walk_08.wav
  artifactKey: Guid(475881e2fee063d47b0d1aee0dad3b3a) Importer(815301076,1909f56bfc062723c751e8b465ee728b)
Start importing Assets/Footsteps - Essentials/Footsteps_Sand/Footsteps_Sand_Walk/Footsteps_Sand_Walk_08.wav using Guid(475881e2fee063d47b0d1aee0dad3b3a) Importer(815301076,1909f56bfc062723c751e8b465ee728b)  -> (artifact id: 'd1ab1733df273e491fdeccf17562fbf6') in 0.017760 seconds 
========================================================================
Received Import Request.
  Time since last request: 0.000016 seconds.
  path: Assets/Footsteps - Essentials/Footsteps_Sand/Footsteps_Sand_Run/Footsteps_Sand_Run_18.wav
  artifactKey: Guid(c11ecc89dec9e1a428e927466942ba39) Importer(815301076,1909f56bfc062723c751e8b465ee728b)
Start importing Assets/Footsteps - Essentials/Footsteps_Sand/Footsteps_Sand_Run/Footsteps_Sand_Run_18.wav using Guid(c11ecc89dec9e1a428e927466942ba39) Importer(815301076,1909f56bfc062723c751e8b465ee728b)  -> (artifact id: '8f27451cfea7527316d95a37a2f1da22') in 0.021642 seconds 
========================================================================
Received Import Request.
  Time since last request: 0.000018 seconds.
  path: Assets/Footsteps - Essentials/Footsteps_Sand/Footsteps_Sand_Run/Footsteps_Sand_Run_13.wav
  artifactKey: Guid(95f5d05b56992b54db766ac6cd05a7d4) Importer(815301076,1909f56bfc062723c751e8b465ee728b)
Start importing Assets/Footsteps - Essentials/Footsteps_Sand/Footsteps_Sand_Run/Footsteps_Sand_Run_13.wav using Guid(95f5d05b56992b54db766ac6cd05a7d4) Importer(815301076,1909f56bfc062723c751e8b465ee728b)  -> (artifact id: 'f4917ea1c03b53a866cc80f3a0be1fce') in 0.015930 seconds 
========================================================================
Received Import Request.
  Time since last request: 0.000016 seconds.
  path: Assets/Footsteps - Essentials/Footsteps_Sand/Footsteps_Sand_Run/Footsteps_Sand_Run_02.wav
  artifactKey: Guid(f43edb311d1c4d74fa9b4b86c9157fa6) Importer(815301076,1909f56bfc062723c751e8b465ee728b)
Start importing Assets/Footsteps - Essentials/Footsteps_Sand/Footsteps_Sand_Run/Footsteps_Sand_Run_02.wav using Guid(f43edb311d1c4d74fa9b4b86c9157fa6) Importer(815301076,1909f56bfc062723c751e8b465ee728b)  -> (artifact id: 'c1f2c8d600590de7b8a441de28042695') in 0.016483 seconds 
========================================================================
Received Import Request.
  Time since last request: 0.000019 seconds.
  path: Assets/Footsteps - Essentials/Footsteps_Sand/Footsteps_Sand_Walk/Footsteps_Sand_Walk_07.wav
  artifactKey: Guid(3bf9975566f9cd847977ed3ebb6fd3e3) Importer(815301076,1909f56bfc062723c751e8b465ee728b)
Start importing Assets/Footsteps - Essentials/Footsteps_Sand/Footsteps_Sand_Walk/Footsteps_Sand_Walk_07.wav using Guid(3bf9975566f9cd847977ed3ebb6fd3e3) Importer(815301076,1909f56bfc062723c751e8b465ee728b)  -> (artifact id: 'f63c93e8951e4455d4fda0829632a1ba') in 0.015822 seconds 
========================================================================
Received Import Request.
  Time since last request: 0.000024 seconds.
  path: Assets/Footsteps - Essentials/Footsteps_Sand/Footsteps_Sand_Run/Footsteps_Sand_Run_01.wav
  artifactKey: Guid(82b9e7907a6c3154b86a53c1be46ff71) Importer(815301076,1909f56bfc062723c751e8b465ee728b)
Start importing Assets/Footsteps - Essentials/Footsteps_Sand/Footsteps_Sand_Run/Footsteps_Sand_Run_01.wav using Guid(82b9e7907a6c3154b86a53c1be46ff71) Importer(815301076,1909f56bfc062723c751e8b465ee728b)  -> (artifact id: 'fbb4e88ba58c5e970f18cbbde9f967a3') in 0.017037 seconds 
========================================================================
Received Import Request.
  Time since last request: 0.000047 seconds.
  path: Assets/Footsteps - Essentials/Footsteps_Sand/Footsteps_Sand_Run/Footsteps_Sand_Run_15.wav
  artifactKey: Guid(7ec804530ad09cd4093a5ef030cfc7ec) Importer(815301076,1909f56bfc062723c751e8b465ee728b)
Start importing Assets/Footsteps - Essentials/Footsteps_Sand/Footsteps_Sand_Run/Footsteps_Sand_Run_15.wav using Guid(7ec804530ad09cd4093a5ef030cfc7ec) Importer(815301076,1909f56bfc062723c751e8b465ee728b)  -> (artifact id: '0016501281716e4bc166ac33645956d4') in 0.018402 seconds 
========================================================================
Received Import Request.
  Time since last request: 0.000018 seconds.
  path: Assets/Footsteps - Essentials/Footsteps_Sand/Footsteps_Sand_Walk/Footsteps_Sand_Walk_02.wav
  artifactKey: Guid(93b5a4dc803c25c48a325a38b5617c33) Importer(815301076,1909f56bfc062723c751e8b465ee728b)
Start importing Assets/Footsteps - Essentials/Footsteps_Sand/Footsteps_Sand_Walk/Footsteps_Sand_Walk_02.wav using Guid(93b5a4dc803c25c48a325a38b5617c33) Importer(815301076,1909f56bfc062723c751e8b465ee728b)  -> (artifact id: 'ec4856e426be10fc0c02193891f1418b') in 0.017081 seconds 
========================================================================
Received Import Request.
  Time since last request: 0.000019 seconds.
  path: Assets/Footsteps - Essentials/Footsteps_Sand/Footsteps_Sand_Walk/Footsteps_Sand_Walk_05.wav
  artifactKey: Guid(41b5781294b7da44ebaad3bd7be35926) Importer(815301076,1909f56bfc062723c751e8b465ee728b)
Start importing Assets/Footsteps - Essentials/Footsteps_Sand/Footsteps_Sand_Walk/Footsteps_Sand_Walk_05.wav using Guid(41b5781294b7da44ebaad3bd7be35926) Importer(815301076,1909f56bfc062723c751e8b465ee728b)  -> (artifact id: 'c629cca7b6d1a7c7e5c07f0db55c7e8b') in 0.020886 seconds 
========================================================================
Received Import Request.
  Time since last request: 0.000020 seconds.
  path: Assets/Footsteps - Essentials/Footsteps_Sand/Footsteps_Sand_Run/Footsteps_Sand_Run_17.wav
  artifactKey: Guid(64d4d5a88368ecf4e9d81d94341ac235) Importer(815301076,1909f56bfc062723c751e8b465ee728b)
Start importing Assets/Footsteps - Essentials/Footsteps_Sand/Footsteps_Sand_Run/Footsteps_Sand_Run_17.wav using Guid(64d4d5a88368ecf4e9d81d94341ac235) Importer(815301076,1909f56bfc062723c751e8b465ee728b)  -> (artifact id: 'dfac305997dcaa838375b497b6350c39') in 0.016329 seconds 
========================================================================
Received Import Request.
  Time since last request: 0.000020 seconds.
  path: Assets/Footsteps - Essentials/Footsteps_Sand/Footsteps_Sand_Run/Footsteps_Sand_Run_09.wav
  artifactKey: Guid(4bcc738c9307a9d4784ce4e137f5aefb) Importer(815301076,1909f56bfc062723c751e8b465ee728b)
Start importing Assets/Footsteps - Essentials/Footsteps_Sand/Footsteps_Sand_Run/Footsteps_Sand_Run_09.wav using Guid(4bcc738c9307a9d4784ce4e137f5aefb) Importer(815301076,1909f56bfc062723c751e8b465ee728b)  -> (artifact id: 'b5f5a61d91b37180b7a9fecb3958c056') in 0.016426 seconds 
========================================================================
Received Import Request.
  Time since last request: 0.000018 seconds.
  path: Assets/Footsteps - Essentials/Footsteps_Sand/Footsteps_Sand_Run/Footsteps_Sand_Run_05.wav
  artifactKey: Guid(524ca5d8ba6570f47a403855a9d2cf29) Importer(815301076,1909f56bfc062723c751e8b465ee728b)
Start importing Assets/Footsteps - Essentials/Footsteps_Sand/Footsteps_Sand_Run/Footsteps_Sand_Run_05.wav using Guid(524ca5d8ba6570f47a403855a9d2cf29) Importer(815301076,1909f56bfc062723c751e8b465ee728b)  -> (artifact id: 'b6b507cb5355d32cc69a552eb1e6d07d') in 0.017494 seconds 
========================================================================
Received Import Request.
  Time since last request: 0.000018 seconds.
  path: Assets/Footsteps - Essentials/Footsteps_Sand/Footsteps_Sand_Walk/Footsteps_Sand_Walk_12.wav
  artifactKey: Guid(fcb08ad9aae12794684aee4e24491861) Importer(815301076,1909f56bfc062723c751e8b465ee728b)
Start importing Assets/Footsteps - Essentials/Footsteps_Sand/Footsteps_Sand_Walk/Footsteps_Sand_Walk_12.wav using Guid(fcb08ad9aae12794684aee4e24491861) Importer(815301076,1909f56bfc062723c751e8b465ee728b)  -> (artifact id: 'b3dccfd0f7883b2b4883bb2ad50a3353') in 0.017626 seconds 
========================================================================
Received Import Request.
  Time since last request: 0.000030 seconds.
  path: Assets/Footsteps - Essentials/Footsteps_Sand/Footsteps_Sand_Run/Footsteps_Sand_Run_16.wav
  artifactKey: Guid(466266db15b02104584d921885bcaa8a) Importer(815301076,1909f56bfc062723c751e8b465ee728b)
Start importing Assets/Footsteps - Essentials/Footsteps_Sand/Footsteps_Sand_Run/Footsteps_Sand_Run_16.wav using Guid(466266db15b02104584d921885bcaa8a) Importer(815301076,1909f56bfc062723c751e8b465ee728b)  -> (artifact id: 'f6a258bf94689a9f4c2acae44baef16a') in 0.019111 seconds 
========================================================================
Received Import Request.
  Time since last request: 0.000022 seconds.
  path: Assets/Footsteps - Essentials/Footsteps_Sand/Footsteps_Sand_Walk/Footsteps_Sand_Walk_03.wav
  artifactKey: Guid(752adf85de15e284ebf55d376e1f4276) Importer(815301076,1909f56bfc062723c751e8b465ee728b)
Start importing Assets/Footsteps - Essentials/Footsteps_Sand/Footsteps_Sand_Walk/Footsteps_Sand_Walk_03.wav using Guid(752adf85de15e284ebf55d376e1f4276) Importer(815301076,1909f56bfc062723c751e8b465ee728b)  -> (artifact id: '11a879e84b76fffb351ac049da072160') in 0.018601 seconds 
========================================================================
Received Import Request.
  Time since last request: 0.000025 seconds.
  path: Assets/Footsteps - Essentials/Footsteps_Sand/Footsteps_Sand_Walk/Footsteps_Sand_Walk_04.wav
  artifactKey: Guid(6fa9a250bffc6454a840a823ac5ae71d) Importer(815301076,1909f56bfc062723c751e8b465ee728b)
Start importing Assets/Footsteps - Essentials/Footsteps_Sand/Footsteps_Sand_Walk/Footsteps_Sand_Walk_04.wav using Guid(6fa9a250bffc6454a840a823ac5ae71d) Importer(815301076,1909f56bfc062723c751e8b465ee728b)  -> (artifact id: '8ac286e9c98a0c1509dae105dbbd66c7') in 0.017227 seconds 
========================================================================
Received Import Request.
  Time since last request: 0.258771 seconds.
  path: Assets/Footsteps - Essentials/Footsteps_Tile/Footsteps_Tile_Jump/Footsteps_Tile_Jump_Land_02.wav
  artifactKey: Guid(c86476186f357d44eb470d68a2986520) Importer(815301076,1909f56bfc062723c751e8b465ee728b)
Start importing Assets/Footsteps - Essentials/Footsteps_Tile/Footsteps_Tile_Jump/Footsteps_Tile_Jump_Land_02.wav using Guid(c86476186f357d44eb470d68a2986520) Importer(815301076,1909f56bfc062723c751e8b465ee728b)  -> (artifact id: '85e688c43fe6dcc682a1d3a36fa9ba2e') in 0.018043 seconds 
========================================================================
Received Import Request.
  Time since last request: 0.000013 seconds.
  path: Assets/Footsteps - Essentials/Footsteps_Tile/Footsteps_Tile_Run/Footsteps_Tile_Run_05.wav
  artifactKey: Guid(8c2c6c300bd8fc441878f426377bec64) Importer(815301076,1909f56bfc062723c751e8b465ee728b)
Start importing Assets/Footsteps - Essentials/Footsteps_Tile/Footsteps_Tile_Run/Footsteps_Tile_Run_05.wav using Guid(8c2c6c300bd8fc441878f426377bec64) Importer(815301076,1909f56bfc062723c751e8b465ee728b)  -> (artifact id: '3ae513c0c01cb64264f2f4b06fa7bdb5') in 0.019439 seconds 
========================================================================
Received Import Request.
  Time since last request: 0.000021 seconds.
  path: Assets/Footsteps - Essentials/Footsteps_Grass/Footsteps_Grass_Walk/Footsteps_Walk_Grass_Mono_10.wav
  artifactKey: Guid(5799109e817d3704889f0499d06a23be) Importer(815301076,1909f56bfc062723c751e8b465ee728b)
Start importing Assets/Footsteps - Essentials/Footsteps_Grass/Footsteps_Grass_Walk/Footsteps_Walk_Grass_Mono_10.wav using Guid(5799109e817d3704889f0499d06a23be) Importer(815301076,1909f56bfc062723c751e8b465ee728b)  -> (artifact id: '5aa9664a79904f6cd98aed4555d82523') in 0.020000 seconds 
========================================================================
Received Import Request.
  Time since last request: 0.000019 seconds.
  path: Assets/Footsteps - Essentials/Footsteps_Grass/Footsteps_Grass_Walk/Footsteps_Walk_Grass_Mono_23.wav
  artifactKey: Guid(c73956075c85d384a891d9da3762e5c9) Importer(815301076,1909f56bfc062723c751e8b465ee728b)
Start importing Assets/Footsteps - Essentials/Footsteps_Grass/Footsteps_Grass_Walk/Footsteps_Walk_Grass_Mono_23.wav using Guid(c73956075c85d384a891d9da3762e5c9) Importer(815301076,1909f56bfc062723c751e8b465ee728b)  -> (artifact id: 'b0396bb3fecf0f8fee0229ca424a1c04') in 0.017490 seconds 
========================================================================
Received Import Request.
  Time since last request: 0.000029 seconds.
  path: Assets/Footsteps - Essentials/Footsteps_Grass/Footsteps_Grass_Walk/Footsteps_Walk_Grass_Mono_27.wav
  artifactKey: Guid(ff032cb5e57bd114ea87189c2ed8b3c9) Importer(815301076,1909f56bfc062723c751e8b465ee728b)
Start importing Assets/Footsteps - Essentials/Footsteps_Grass/Footsteps_Grass_Walk/Footsteps_Walk_Grass_Mono_27.wav using Guid(ff032cb5e57bd114ea87189c2ed8b3c9) Importer(815301076,1909f56bfc062723c751e8b465ee728b)  -> (artifact id: '8ebd152aad091c88f40ab7fdbebabec0') in 0.017947 seconds 
========================================================================
Received Import Request.
  Time since last request: 0.000032 seconds.
  path: Assets/Footsteps - Essentials/Footsteps_Water/Footsteps_Water_Jump/Footsteps_Water_Jump_Big_01.wav
  artifactKey: Guid(95d02f840e928ec4d82968ab45d49e15) Importer(815301076,1909f56bfc062723c751e8b465ee728b)
Start importing Assets/Footsteps - Essentials/Footsteps_Water/Footsteps_Water_Jump/Footsteps_Water_Jump_Big_01.wav using Guid(95d02f840e928ec4d82968ab45d49e15) Importer(815301076,1909f56bfc062723c751e8b465ee728b)  -> (artifact id: '06d0d7c718b818665a9b30d4b714b207') in 0.018338 seconds 
========================================================================
Received Import Request.
  Time since last request: 0.000019 seconds.
  path: Assets/Footsteps - Essentials/Footsteps_Tile/Footsteps_Tile_Run/Footsteps_Tile_Run_06.wav
  artifactKey: Guid(f8e559768bed7ed4680ab0449da7ec3a) Importer(815301076,1909f56bfc062723c751e8b465ee728b)
Start importing Assets/Footsteps - Essentials/Footsteps_Tile/Footsteps_Tile_Run/Footsteps_Tile_Run_06.wav using Guid(f8e559768bed7ed4680ab0449da7ec3a) Importer(815301076,1909f56bfc062723c751e8b465ee728b)  -> (artifact id: '48b51aea62e4afd57b011c73f28c73bc') in 0.018728 seconds 
========================================================================
Received Import Request.
  Time since last request: 0.000022 seconds.
  path: Assets/Footsteps - Essentials/Footsteps_Tile/Footsteps_Tile_Jump/Footsteps_Tile_Jump_Start_03.wav
  artifactKey: Guid(a465f4e2a2f3a354f927f77994a68a08) Importer(815301076,1909f56bfc062723c751e8b465ee728b)
Start importing Assets/Footsteps - Essentials/Footsteps_Tile/Footsteps_Tile_Jump/Footsteps_Tile_Jump_Start_03.wav using Guid(a465f4e2a2f3a354f927f77994a68a08) Importer(815301076,1909f56bfc062723c751e8b465ee728b)  -> (artifact id: 'dad10df59ca82fac5e4518775621a76c') in 0.016014 seconds 
========================================================================
Received Import Request.
  Time since last request: 0.000031 seconds.
  path: Assets/Footsteps - Essentials/Footsteps_Grass/Footsteps_Grass_Walk/Footsteps_Walk_Grass_Mono_20.wav
  artifactKey: Guid(3ba5fb80a58d03741b65a691dc434897) Importer(815301076,1909f56bfc062723c751e8b465ee728b)
Start importing Assets/Footsteps - Essentials/Footsteps_Grass/Footsteps_Grass_Walk/Footsteps_Walk_Grass_Mono_20.wav using Guid(3ba5fb80a58d03741b65a691dc434897) Importer(815301076,1909f56bfc062723c751e8b465ee728b)  -> (artifact id: '81ed4ef96c6cce422fa62fca4a2eba21') in 0.016384 seconds 
========================================================================
Received Import Request.
  Time since last request: 0.000023 seconds.
  path: Assets/Footsteps - Essentials/Footsteps_Tile/Footsteps_Tile_Run/Footsteps_Tile_Run_02.wav
  artifactKey: Guid(5a5fe2a543e35ef44980fcf5ac79551a) Importer(815301076,1909f56bfc062723c751e8b465ee728b)
Start importing Assets/Footsteps - Essentials/Footsteps_Tile/Footsteps_Tile_Run/Footsteps_Tile_Run_02.wav using Guid(5a5fe2a543e35ef44980fcf5ac79551a) Importer(815301076,1909f56bfc062723c751e8b465ee728b)  -> (artifact id: '9ad13be8819b59a17546a7b688953814') in 0.015549 seconds 
========================================================================
Received Import Request.
  Time since last request: 0.000016 seconds.
  path: Assets/Footsteps - Essentials/Footsteps_Grass/Footsteps_Grass_Walk/Footsteps_Walk_Grass_Mono_48.wav
  artifactKey: Guid(9cd93e6b4948e0c4abc089546af87c38) Importer(815301076,1909f56bfc062723c751e8b465ee728b)
Start importing Assets/Footsteps - Essentials/Footsteps_Grass/Footsteps_Grass_Walk/Footsteps_Walk_Grass_Mono_48.wav using Guid(9cd93e6b4948e0c4abc089546af87c38) Importer(815301076,1909f56bfc062723c751e8b465ee728b)  -> (artifact id: '494fced6fae7949d9bf0a736948e2da0') in 0.016398 seconds 
========================================================================
Received Import Request.
  Time since last request: 0.000023 seconds.
  path: Assets/Footsteps - Essentials/Footsteps_Grass/Footsteps_Grass_Walk/Footsteps_Walk_Grass_Mono_05.wav
  artifactKey: Guid(a62172e6f7275ff4f94c17edc8dfdd0d) Importer(815301076,1909f56bfc062723c751e8b465ee728b)
Start importing Assets/Footsteps - Essentials/Footsteps_Grass/Footsteps_Grass_Walk/Footsteps_Walk_Grass_Mono_05.wav using Guid(a62172e6f7275ff4f94c17edc8dfdd0d) Importer(815301076,1909f56bfc062723c751e8b465ee728b)  -> (artifact id: 'b5cb9213c38fbceb178ea040e7f43e6b') in 0.016325 seconds 
========================================================================
Received Import Request.
  Time since last request: 0.000023 seconds.
  path: Assets/Footsteps - Essentials/Footsteps_Grass/Footsteps_Grass_Walk/Footsteps_Walk_Grass_Mono_38.wav
  artifactKey: Guid(fbb8ee09f6d45f54d84383b81ca5a5cd) Importer(815301076,1909f56bfc062723c751e8b465ee728b)
Start importing Assets/Footsteps - Essentials/Footsteps_Grass/Footsteps_Grass_Walk/Footsteps_Walk_Grass_Mono_38.wav using Guid(fbb8ee09f6d45f54d84383b81ca5a5cd) Importer(815301076,1909f56bfc062723c751e8b465ee728b)  -> (artifact id: '107b6cef55b42aa4a4a09e0590953a06') in 0.019967 seconds 
========================================================================
Received Import Request.
  Time since last request: 0.000017 seconds.
  path: Assets/Footsteps - Essentials/Footsteps_Grass/Footsteps_Grass_Walk/Footsteps_Walk_Grass_Mono_06.wav
  artifactKey: Guid(6a0b4267ac8ee8448b619bc9a3bca6d9) Importer(815301076,1909f56bfc062723c751e8b465ee728b)
Start importing Assets/Footsteps - Essentials/Footsteps_Grass/Footsteps_Grass_Walk/Footsteps_Walk_Grass_Mono_06.wav using Guid(6a0b4267ac8ee8448b619bc9a3bca6d9) Importer(815301076,1909f56bfc062723c751e8b465ee728b)  -> (artifact id: '4073b60827ee2ecc2b9c144b475aba1a') in 0.025875 seconds 
========================================================================
Received Import Request.
  Time since last request: 0.000017 seconds.
  path: Assets/Footsteps - Essentials/Footsteps_Water/Footsteps_Water_Jump/Footsteps_Water_Jump_Light_02.wav
  artifactKey: Guid(0c65c34d499c17a42a643d5727eff438) Importer(815301076,1909f56bfc062723c751e8b465ee728b)
Start importing Assets/Footsteps - Essentials/Footsteps_Water/Footsteps_Water_Jump/Footsteps_Water_Jump_Light_02.wav using Guid(0c65c34d499c17a42a643d5727eff438) Importer(815301076,1909f56bfc062723c751e8b465ee728b)  -> (artifact id: '5bc92dbbac2f1b098bf1114836792f8f') in 0.018501 seconds 
========================================================================
Received Import Request.
  Time since last request: 0.000019 seconds.
  path: Assets/Footsteps - Essentials/Footsteps_Grass/Footsteps_Grass_Walk/Footsteps_Walk_Grass_Mono_44.wav
  artifactKey: Guid(dffb2ef44d2dd254aa89c2546475cf3c) Importer(815301076,1909f56bfc062723c751e8b465ee728b)
Start importing Assets/Footsteps - Essentials/Footsteps_Grass/Footsteps_Grass_Walk/Footsteps_Walk_Grass_Mono_44.wav using Guid(dffb2ef44d2dd254aa89c2546475cf3c) Importer(815301076,1909f56bfc062723c751e8b465ee728b)  -> (artifact id: 'a9618062dc21a7173146a336481a116c') in 0.015714 seconds 
========================================================================
Received Import Request.
  Time since last request: 0.000017 seconds.
  path: Assets/Footsteps - Essentials/Footsteps_Grass/Footsteps_Grass_Walk/Footsteps_Walk_Grass_Mono_42.wav
  artifactKey: Guid(837b2ac0dee4b2e49b7c4229129a2cd2) Importer(815301076,1909f56bfc062723c751e8b465ee728b)
Start importing Assets/Footsteps - Essentials/Footsteps_Grass/Footsteps_Grass_Walk/Footsteps_Walk_Grass_Mono_42.wav using Guid(837b2ac0dee4b2e49b7c4229129a2cd2) Importer(815301076,1909f56bfc062723c751e8b465ee728b)  -> (artifact id: '75f8239e3f41eb3b5cd17308c4838392') in 0.014886 seconds 
========================================================================
Received Import Request.
  Time since last request: 0.000015 seconds.
  path: Assets/Footsteps - Essentials/Footsteps_Water/Footsteps_Water_Walk/Footsteps_WaterV1_Walk_06.wav
  artifactKey: Guid(eb25cc7f1bf9dbb43aa0833fe823843e) Importer(815301076,1909f56bfc062723c751e8b465ee728b)
Start importing Assets/Footsteps - Essentials/Footsteps_Water/Footsteps_Water_Walk/Footsteps_WaterV1_Walk_06.wav using Guid(eb25cc7f1bf9dbb43aa0833fe823843e) Importer(815301076,1909f56bfc062723c751e8b465ee728b)  -> (artifact id: '0058b1c0cd129fc7934d6278f28e32bc') in 0.017463 seconds 
========================================================================
Received Import Request.
  Time since last request: 0.000018 seconds.
  path: Assets/Footsteps - Essentials/Footsteps_Water/Footsteps_Water_Walk/Footsteps_WaterV1_Walk_09.wav
  artifactKey: Guid(938df53f74d50544b83b2cd1b17069f9) Importer(815301076,1909f56bfc062723c751e8b465ee728b)
Start importing Assets/Footsteps - Essentials/Footsteps_Water/Footsteps_Water_Walk/Footsteps_WaterV1_Walk_09.wav using Guid(938df53f74d50544b83b2cd1b17069f9) Importer(815301076,1909f56bfc062723c751e8b465ee728b)  -> (artifact id: '8339ec71d62d42480caaf2ce97f12baa') in 0.017783 seconds 
========================================================================
Received Import Request.
  Time since last request: 0.000025 seconds.
  path: Assets/Footsteps - Essentials/Footsteps_Water/Footsteps_Water_Walk/Footsteps_WaterV1_Walk_08.wav
  artifactKey: Guid(b682207ff9ac8db4695704cd57fb59a7) Importer(815301076,1909f56bfc062723c751e8b465ee728b)
Start importing Assets/Footsteps - Essentials/Footsteps_Water/Footsteps_Water_Walk/Footsteps_WaterV1_Walk_08.wav using Guid(b682207ff9ac8db4695704cd57fb59a7) Importer(815301076,1909f56bfc062723c751e8b465ee728b)  -> (artifact id: 'f87b1f8a1ef74a2dd880f3cf9e39b24c') in 0.027255 seconds 
========================================================================
Received Import Request.
  Time since last request: 0.000017 seconds.
  path: Assets/Mini First Person Controller/Audio/Landing/Landing 2.wav
  artifactKey: Guid(ab9637a2491abbf4ca9c9601321cbb88) Importer(815301076,1909f56bfc062723c751e8b465ee728b)
Start importing Assets/Mini First Person Controller/Audio/Landing/Landing 2.wav using Guid(ab9637a2491abbf4ca9c9601321cbb88) Importer(815301076,1909f56bfc062723c751e8b465ee728b)  -> (artifact id: 'c206ae12290ceeaa51ebe99fe375bff5') in 0.015181 seconds 
========================================================================
Received Import Request.
  Time since last request: 0.000020 seconds.
  path: Assets/Footsteps - Essentials/Footsteps_Wood/Footsteps_Wood_Jump/Footsteps_Wood_Jump_Start_02.wav
  artifactKey: Guid(fcbaf164018fc614a9729400cf40f9de) Importer(815301076,1909f56bfc062723c751e8b465ee728b)
Start importing Assets/Footsteps - Essentials/Footsteps_Wood/Footsteps_Wood_Jump/Footsteps_Wood_Jump_Start_02.wav using Guid(fcbaf164018fc614a9729400cf40f9de) Importer(815301076,1909f56bfc062723c751e8b465ee728b)  -> (artifact id: 'fef4c84cfb9e76e5f4133a8687405c66') in 0.022964 seconds 
========================================================================
Received Import Request.
  Time since last request: 0.000019 seconds.
  path: Assets/Footsteps - Essentials/Footsteps_Wood/Footsteps_Wood_Walk/Footsteps_Wood_Walk_03.wav
  artifactKey: Guid(76c66b3ae15685a45a334b0628d1edd1) Importer(815301076,1909f56bfc062723c751e8b465ee728b)
Start importing Assets/Footsteps - Essentials/Footsteps_Wood/Footsteps_Wood_Walk/Footsteps_Wood_Walk_03.wav using Guid(76c66b3ae15685a45a334b0628d1edd1) Importer(815301076,1909f56bfc062723c751e8b465ee728b)  -> (artifact id: 'a6ca1f5d42b354d7ca9eb7d4b449844c') in 0.021370 seconds 
========================================================================
Received Import Request.
  Time since last request: 0.000020 seconds.
  path: Assets/Footsteps - Essentials/Footsteps_Water/Footsteps_Water_Walk/Footsteps_WaterV2_Walk_05.wav
  artifactKey: Guid(7b6895e4d3b50784daa1c49222e8eac5) Importer(815301076,1909f56bfc062723c751e8b465ee728b)
Start importing Assets/Footsteps - Essentials/Footsteps_Water/Footsteps_Water_Walk/Footsteps_WaterV2_Walk_05.wav using Guid(7b6895e4d3b50784daa1c49222e8eac5) Importer(815301076,1909f56bfc062723c751e8b465ee728b)  -> (artifact id: '37a2ec76da5e93c125ab5a00f34125fb') in 0.018831 seconds 
========================================================================
Received Import Request.
  Time since last request: 0.000018 seconds.
  path: Assets/Footsteps - Essentials/Footsteps_Wood/Footsteps_Wood_Run/Footsteps_Wood_Run_07.wav
  artifactKey: Guid(b30822d7e7d412d459397d0749be742a) Importer(815301076,1909f56bfc062723c751e8b465ee728b)
Start importing Assets/Footsteps - Essentials/Footsteps_Wood/Footsteps_Wood_Run/Footsteps_Wood_Run_07.wav using Guid(b30822d7e7d412d459397d0749be742a) Importer(815301076,1909f56bfc062723c751e8b465ee728b)  -> (artifact id: '49caea04c6e6f543aed11ef115054e1f') in 0.020701 seconds 
========================================================================
Received Import Request.
  Time since last request: 0.000018 seconds.
  path: Assets/Footsteps - Essentials/Footsteps_Grass/Footsteps_Grass_Walk/Footsteps_Walk_Grass_Mono_34.wav
  artifactKey: Guid(a6801ed1ae1ed5648ba823232d0fcdf4) Importer(815301076,1909f56bfc062723c751e8b465ee728b)
Start importing Assets/Footsteps - Essentials/Footsteps_Grass/Footsteps_Grass_Walk/Footsteps_Walk_Grass_Mono_34.wav using Guid(a6801ed1ae1ed5648ba823232d0fcdf4) Importer(815301076,1909f56bfc062723c751e8b465ee728b)  -> (artifact id: '0162c3dbd9b40df11ee3bd13fdf48161') in 0.020719 seconds 
========================================================================
Received Import Request.
  Time since last request: 0.000018 seconds.
  path: Assets/Footsteps - Essentials/Footsteps_Water/Footsteps_Water_Jump/Footsteps_Water_Jump_Light_03.wav
  artifactKey: Guid(e8c82818ac04cf94c9c3a816122e9c4d) Importer(815301076,1909f56bfc062723c751e8b465ee728b)
Start importing Assets/Footsteps - Essentials/Footsteps_Water/Footsteps_Water_Jump/Footsteps_Water_Jump_Light_03.wav using Guid(e8c82818ac04cf94c9c3a816122e9c4d) Importer(815301076,1909f56bfc062723c751e8b465ee728b)  -> (artifact id: 'cb54d91bc2ec46291ca28861919a8643') in 0.018439 seconds 
========================================================================
Received Import Request.
  Time since last request: 0.000022 seconds.
  path: Assets/Footsteps - Essentials/Footsteps_Water/Footsteps_Water_Walk/Footsteps_WaterV1_Walk_01.wav
  artifactKey: Guid(adf4e7fa93007bd49937217a0922f285) Importer(815301076,1909f56bfc062723c751e8b465ee728b)
Start importing Assets/Footsteps - Essentials/Footsteps_Water/Footsteps_Water_Walk/Footsteps_WaterV1_Walk_01.wav using Guid(adf4e7fa93007bd49937217a0922f285) Importer(815301076,1909f56bfc062723c751e8b465ee728b)  -> (artifact id: '915bb490b985f044a2d17cd581ed6cea') in 0.017586 seconds 
========================================================================
Received Import Request.
  Time since last request: 0.000023 seconds.
  path: Assets/Footsteps - Essentials/Footsteps_Water/Footsteps_Water_Run/Footsteps_Water_Run_01.wav
  artifactKey: Guid(3529918bd1dd74644ba7748b90343695) Importer(815301076,1909f56bfc062723c751e8b465ee728b)
Start importing Assets/Footsteps - Essentials/Footsteps_Water/Footsteps_Water_Run/Footsteps_Water_Run_01.wav using Guid(3529918bd1dd74644ba7748b90343695) Importer(815301076,1909f56bfc062723c751e8b465ee728b)  -> (artifact id: '4fc74e466f8c2473fe0ee4679c298b1e') in 0.020651 seconds 
========================================================================
Received Import Request.
  Time since last request: 0.000031 seconds.
  path: Assets/Footsteps - Essentials/Footsteps_Grass/Footsteps_Grass_Walk/Footsteps_Walk_Grass_Mono_15.wav
  artifactKey: Guid(be378a7ab9654eb41ab1e85da1701672) Importer(815301076,1909f56bfc062723c751e8b465ee728b)
Start importing Assets/Footsteps - Essentials/Footsteps_Grass/Footsteps_Grass_Walk/Footsteps_Walk_Grass_Mono_15.wav using Guid(be378a7ab9654eb41ab1e85da1701672) Importer(815301076,1909f56bfc062723c751e8b465ee728b)  -> (artifact id: '7dcad64706f653d493faef3f938a2746') in 0.021047 seconds 
========================================================================
Received Import Request.
  Time since last request: 0.000018 seconds.
  path: Assets/Footsteps - Essentials/Footsteps_Water/Footsteps_Water_Run/Footsteps_Water_Run_02.wav
  artifactKey: Guid(5cb5fe43bdf748744a0458fdffed8e70) Importer(815301076,1909f56bfc062723c751e8b465ee728b)
Start importing Assets/Footsteps - Essentials/Footsteps_Water/Footsteps_Water_Run/Footsteps_Water_Run_02.wav using Guid(5cb5fe43bdf748744a0458fdffed8e70) Importer(815301076,1909f56bfc062723c751e8b465ee728b)  -> (artifact id: '9b74650583a15853c184a742d53acbec') in 0.019065 seconds 
========================================================================
Received Import Request.
  Time since last request: 0.000018 seconds.
  path: Assets/Mini First Person Controller/Audio/Jump/Jump 2.wav
  artifactKey: Guid(5b26cf3cd5f6b914a80e6d3476caaf86) Importer(815301076,1909f56bfc062723c751e8b465ee728b)
Start importing Assets/Mini First Person Controller/Audio/Jump/Jump 2.wav using Guid(5b26cf3cd5f6b914a80e6d3476caaf86) Importer(815301076,1909f56bfc062723c751e8b465ee728b)  -> (artifact id: '78b0421299123df34a632ee377cb3870') in 0.010056 seconds 
========================================================================
Received Import Request.
  Time since last request: 0.000021 seconds.
  path: Assets/Footsteps - Essentials/Footsteps_Grass/Footsteps_Grass_Walk/Footsteps_Walk_Grass_Mono_46.wav
  artifactKey: Guid(9133d407969ea654a9589b2169db5382) Importer(815301076,1909f56bfc062723c751e8b465ee728b)
Start importing Assets/Footsteps - Essentials/Footsteps_Grass/Footsteps_Grass_Walk/Footsteps_Walk_Grass_Mono_46.wav using Guid(9133d407969ea654a9589b2169db5382) Importer(815301076,1909f56bfc062723c751e8b465ee728b)  -> (artifact id: '7720f55ba7c204767c7fb832e8541606') in 0.020459 seconds 
========================================================================
Received Import Request.
  Time since last request: 0.000016 seconds.
  path: Assets/Mini First Person Controller/Audio/Landing/Landing 1.wav
  artifactKey: Guid(9fcb6dc763cd0354da305b5de2091287) Importer(815301076,1909f56bfc062723c751e8b465ee728b)
Start importing Assets/Mini First Person Controller/Audio/Landing/Landing 1.wav using Guid(9fcb6dc763cd0354da305b5de2091287) Importer(815301076,1909f56bfc062723c751e8b465ee728b)  -> (artifact id: '9e3a0e974c47a4d12b11290a27a3164d') in 0.010858 seconds 
========================================================================
Received Import Request.
  Time since last request: 0.000020 seconds.
  path: Assets/Footsteps - Essentials/Footsteps_Water/Footsteps_Water_Walk/Footsteps_WaterV1_Walk_02.wav
  artifactKey: Guid(b9a5f4a46006d6f429a02ea0fadc4809) Importer(815301076,1909f56bfc062723c751e8b465ee728b)
Start importing Assets/Footsteps - Essentials/Footsteps_Water/Footsteps_Water_Walk/Footsteps_WaterV1_Walk_02.wav using Guid(b9a5f4a46006d6f429a02ea0fadc4809) Importer(815301076,1909f56bfc062723c751e8b465ee728b)  -> (artifact id: '3a55905fd407565050a1935f05e42ac7') in 0.024086 seconds 
========================================================================
Received Import Request.
  Time since last request: 0.000015 seconds.
  path: Assets/Footsteps - Essentials/Footsteps_Wood/Footsteps_Wood_Walk/Footsteps_Wood_Walk_10.wav
  artifactKey: Guid(ec4bd5988d7de0c41ab2d9959705dd8b) Importer(815301076,1909f56bfc062723c751e8b465ee728b)
Start importing Assets/Footsteps - Essentials/Footsteps_Wood/Footsteps_Wood_Walk/Footsteps_Wood_Walk_10.wav using Guid(ec4bd5988d7de0c41ab2d9959705dd8b) Importer(815301076,1909f56bfc062723c751e8b465ee728b)  -> (artifact id: '71d63553b85f696bf9e078e0d99f985e') in 0.021770 seconds 
========================================================================
Received Import Request.
  Time since last request: 0.000019 seconds.
  path: Assets/Footsteps - Essentials/Footsteps_Wood/Footsteps_Wood_Run/Footsteps_Wood_Run_09.wav
  artifactKey: Guid(2c37f11b2d56b374ebf354853c6ad643) Importer(815301076,1909f56bfc062723c751e8b465ee728b)
Start importing Assets/Footsteps - Essentials/Footsteps_Wood/Footsteps_Wood_Run/Footsteps_Wood_Run_09.wav using Guid(2c37f11b2d56b374ebf354853c6ad643) Importer(815301076,1909f56bfc062723c751e8b465ee728b)  -> (artifact id: 'a8c9f44dff63f648e0e0c3df571c8d80') in 0.031487 seconds 
========================================================================
Received Import Request.
  Time since last request: 0.000018 seconds.
  path: Assets/Footsteps - Essentials/Footsteps_Wood/Footsteps_Wood_Walk/Footsteps_Wood_Walk_09.wav
  artifactKey: Guid(a45bdfd5056ed1d4d8f667cc2498ca12) Importer(815301076,1909f56bfc062723c751e8b465ee728b)
Start importing Assets/Footsteps - Essentials/Footsteps_Wood/Footsteps_Wood_Walk/Footsteps_Wood_Walk_09.wav using Guid(a45bdfd5056ed1d4d8f667cc2498ca12) Importer(815301076,1909f56bfc062723c751e8b465ee728b)  -> (artifact id: '80230aa0fb0ec41965b8068d60f72bef') in 0.018594 seconds 
========================================================================
Received Import Request.
  Time since last request: 0.000017 seconds.
  path: Assets/Footsteps - Essentials/Footsteps_Grass/Footsteps_Grass_Walk/Footsteps_Walk_Grass_Mono_36.wav
  artifactKey: Guid(dd26e9057c37e2943993f701a764fc3e) Importer(815301076,1909f56bfc062723c751e8b465ee728b)
Start importing Assets/Footsteps - Essentials/Footsteps_Grass/Footsteps_Grass_Walk/Footsteps_Walk_Grass_Mono_36.wav using Guid(dd26e9057c37e2943993f701a764fc3e) Importer(815301076,1909f56bfc062723c751e8b465ee728b)  -> (artifact id: '9212230aa5b07ac8cdeee7cb6827deb8') in 0.029301 seconds 
========================================================================
Received Import Request.
  Time since last request: 0.000025 seconds.
  path: Assets/Footsteps - Essentials/Footsteps_Grass/Footsteps_Grass_Walk/Footsteps_Walk_Grass_Mono_01.wav
  artifactKey: Guid(551d550ab98e3cc4bb7793e752fe8628) Importer(815301076,1909f56bfc062723c751e8b465ee728b)
Start importing Assets/Footsteps - Essentials/Footsteps_Grass/Footsteps_Grass_Walk/Footsteps_Walk_Grass_Mono_01.wav using Guid(551d550ab98e3cc4bb7793e752fe8628) Importer(815301076,1909f56bfc062723c751e8b465ee728b)  -> (artifact id: '4177c01c1ec0781678270394d4645b21') in 0.020871 seconds 
========================================================================
Received Import Request.
  Time since last request: 0.000019 seconds.
  path: Assets/Footsteps - Essentials/Footsteps_Water/Footsteps_Water_Jump/Footsteps_Water_Jump_Big_02.wav
  artifactKey: Guid(15022a33ccea24f45aa7071adf3ba492) Importer(815301076,1909f56bfc062723c751e8b465ee728b)
Start importing Assets/Footsteps - Essentials/Footsteps_Water/Footsteps_Water_Jump/Footsteps_Water_Jump_Big_02.wav using Guid(15022a33ccea24f45aa7071adf3ba492) Importer(815301076,1909f56bfc062723c751e8b465ee728b)  -> (artifact id: '8004eefa7c5ef3d0367124042625ffa9') in 0.020500 seconds 
========================================================================
Received Import Request.
  Time since last request: 0.000018 seconds.
  path: Assets/Footsteps - Essentials/Footsteps_Wood/Footsteps_Wood_Walk/Footsteps_Wood_Walk_08.wav
  artifactKey: Guid(eea9624d96ae191439615ca598fe01fa) Importer(815301076,1909f56bfc062723c751e8b465ee728b)
Start importing Assets/Footsteps - Essentials/Footsteps_Wood/Footsteps_Wood_Walk/Footsteps_Wood_Walk_08.wav using Guid(eea9624d96ae191439615ca598fe01fa) Importer(815301076,1909f56bfc062723c751e8b465ee728b)  -> (artifact id: '790821cd5919b63e0b897c7c8676a832') in 0.020302 seconds 
========================================================================
Received Import Request.
  Time since last request: 0.000019 seconds.
  path: Assets/Footsteps - Essentials/Footsteps_Water/Footsteps_Water_Jump/Footsteps_Water_Jump_Big_03.wav
  artifactKey: Guid(15af46f10b0129a499d31b23666943f9) Importer(815301076,1909f56bfc062723c751e8b465ee728b)
Start importing Assets/Footsteps - Essentials/Footsteps_Water/Footsteps_Water_Jump/Footsteps_Water_Jump_Big_03.wav using Guid(15af46f10b0129a499d31b23666943f9) Importer(815301076,1909f56bfc062723c751e8b465ee728b)  -> (artifact id: 'ae4115e2e81c3093ff4de78d3cd30232') in 0.035828 seconds 
========================================================================
Received Import Request.
  Time since last request: 0.000020 seconds.
  path: Assets/Footsteps - Essentials/Footsteps_Tile/Footsteps_Tile_Walk/Footsteps_Tile_Walk_02.wav
  artifactKey: Guid(5c9bdbce37b06a24fa6ea793bcfd1907) Importer(815301076,1909f56bfc062723c751e8b465ee728b)
Start importing Assets/Footsteps - Essentials/Footsteps_Tile/Footsteps_Tile_Walk/Footsteps_Tile_Walk_02.wav using Guid(5c9bdbce37b06a24fa6ea793bcfd1907) Importer(815301076,1909f56bfc062723c751e8b465ee728b)  -> (artifact id: '46186dd534ee20dd76da3bdb8229b747') in 0.018331 seconds 
========================================================================
Received Import Request.
  Time since last request: 0.000017 seconds.
  path: Assets/Footsteps - Essentials/Footsteps_Wood/Footsteps_Wood_Run/Footsteps_Wood_Run_01.wav
  artifactKey: Guid(505a015d5525e0442ae4a62d5bac304d) Importer(815301076,1909f56bfc062723c751e8b465ee728b)
Start importing Assets/Footsteps - Essentials/Footsteps_Wood/Footsteps_Wood_Run/Footsteps_Wood_Run_01.wav using Guid(505a015d5525e0442ae4a62d5bac304d) Importer(815301076,1909f56bfc062723c751e8b465ee728b)  -> (artifact id: '1279a7cd7500239383251fb10ee35015') in 0.022323 seconds 
========================================================================
Received Import Request.
  Time since last request: 0.000018 seconds.
  path: Assets/Footsteps - Essentials/Footsteps_Tile/Footsteps_Tile_Jump/Footsteps_Tile_Jump_Start_01.wav
  artifactKey: Guid(f42760acdd77d6c459020ab0f9db4f30) Importer(815301076,1909f56bfc062723c751e8b465ee728b)
Start importing Assets/Footsteps - Essentials/Footsteps_Tile/Footsteps_Tile_Jump/Footsteps_Tile_Jump_Start_01.wav using Guid(f42760acdd77d6c459020ab0f9db4f30) Importer(815301076,1909f56bfc062723c751e8b465ee728b)  -> (artifact id: 'a7cb4dc8a9e668f65acf21e91d887d0b') in 0.026052 seconds 
========================================================================
Received Import Request.
  Time since last request: 0.000016 seconds.
  path: Assets/Footsteps - Essentials/Footsteps_Tile/Footsteps_Tile_Walk/Footsteps_Tile_Walk_07.wav
  artifactKey: Guid(b995bc1775ea83b4b8f861763e9a1424) Importer(815301076,1909f56bfc062723c751e8b465ee728b)
Start importing Assets/Footsteps - Essentials/Footsteps_Tile/Footsteps_Tile_Walk/Footsteps_Tile_Walk_07.wav using Guid(b995bc1775ea83b4b8f861763e9a1424) Importer(815301076,1909f56bfc062723c751e8b465ee728b)  -> (artifact id: '63f2acfaf09308816a8a5ba6d9aa3ad4') in 0.020694 seconds 
========================================================================
Received Prepare
Registering precompiled user dll's ...
Registered in 0.015754 seconds.
Begin MonoManager ReloadAssembly
Symbol file LoadedFromMemory doesn't match image C:\Users\carso\OneDrive\Desktop\Unity Games\Noir Heist\Library\PackageCache\com.unity.visualscripting@1.8.0\Editor\VisualScripting.Core\Dependencies\YamlDotNet\Unity.VisualScripting.YamlDotNet.dll
Symbol file LoadedFromMemory doesn't match image C:\Users\carso\OneDrive\Desktop\Unity Games\Noir Heist\Library\PackageCache\com.unity.visualscripting@1.8.0\Editor\VisualScripting.Core\Dependencies\DotNetZip\Unity.VisualScripting.IonicZip.dll
Native extension for WindowsStandalone target not found
Refreshing native plugins compatible for Editor in 0.68 ms, found 3 plugins.
Preloading 0 native plugins for Editor in 0.00 ms.
Mono: successfully reloaded assembly
- Completed reload, in  0.789 seconds
Domain Reload Profiling:
	ReloadAssembly (789ms)
		BeginReloadAssembly (98ms)
			ExecutionOrderSort (0ms)
			DisableScriptedObjects (3ms)
			BackupInstance (0ms)
			ReleaseScriptingObjects (0ms)
			CreateAndSetChildDomain (28ms)
		EndReloadAssembly (626ms)
			LoadAssemblies (65ms)
			RebuildTransferFunctionScriptingTraits (0ms)
			SetupTypeCache (216ms)
			ReleaseScriptCaches (2ms)
			RebuildScriptCaches (37ms)
			SetupLoadedEditorAssemblies (265ms)
				LogAssemblyErrors (0ms)
				InitializePlatformSupportModulesInManaged (11ms)
				SetLoadedEditorAssemblies (0ms)
				RefreshPlugins (1ms)
				BeforeProcessingInitializeOnLoad (48ms)
				ProcessInitializeOnLoadAttributes (178ms)
				ProcessInitializeOnLoadMethodAttributes (21ms)
				AfterProcessingInitializeOnLoad (6ms)
				EditorAssembliesLoaded (0ms)
			ExecutionOrderSort2 (0ms)
			AwakeInstancesAfterBackupRestoration (5ms)
Platform modules already initialized, skipping
Refreshing native plugins compatible for Editor in 2.04 ms, found 3 plugins.
Preloading 0 native plugins for Editor in 0.00 ms.
Unloading 3413 Unused Serialized files (Serialized files now loaded: 0)
Unloading 20 unused Assets / (80.4 KB). Loaded Objects now: 3922.
Memory consumption went from 127.3 MB to 127.3 MB.
Total: 2.567200 ms (FindLiveObjects: 0.388200 ms CreateObjectMapping: 0.067300 ms MarkObjects: 2.025800 ms  DeleteObjects: 0.084700 ms)

AssetImportParameters requested are different than current active one (requested -> active):
  custom:video-decoder-ogg-theora: a1e56fd34408186e4bbccfd4996cb3dc -> 
  custom:container-muxer-webm: aa71ff27fc2769a1b78a27578f13a17b -> 
  custom:container-demuxer-webm: 4f35f7cbe854078d1ac9338744f61a02 -> 
  custom:video-encoder-webm-vp8: eb34c28f22e8b96e1ab97ce403110664 -> 
  custom:audio-encoder-webm-vorbis: bf7c407c2cedff20999df2af8eb42d56 -> 
  custom:framework-win-MediaFoundation: 216162199b28c13a410421893ffa2e32 -> 
  custom:container-demuxer-ogg: 62fdf1f143b41e24485cea50d1cbac27 -> 
  custom:video-decoder-webm-vp8: 9c59270c3fd7afecdb556c50c9e8de78 -> 
  custom:audio-decoder-ogg-vorbis: bf7c407c2cedff20999df2af8eb42d56 -> 
========================================================================
Received Prepare
Registering precompiled user dll's ...
Registered in 0.007339 seconds.
Begin MonoManager ReloadAssembly
Symbol file LoadedFromMemory doesn't match image C:\Users\carso\OneDrive\Desktop\Unity Games\Noir Heist\Library\PackageCache\com.unity.visualscripting@1.8.0\Editor\VisualScripting.Core\Dependencies\YamlDotNet\Unity.VisualScripting.YamlDotNet.dll
Symbol file LoadedFromMemory doesn't match image C:\Users\carso\OneDrive\Desktop\Unity Games\Noir Heist\Library\PackageCache\com.unity.visualscripting@1.8.0\Editor\VisualScripting.Core\Dependencies\DotNetZip\Unity.VisualScripting.IonicZip.dll
Native extension for WindowsStandalone target not found
Refreshing native plugins compatible for Editor in 0.45 ms, found 3 plugins.
Preloading 0 native plugins for Editor in 0.00 ms.
Mono: successfully reloaded assembly
- Completed reload, in  0.811 seconds
Domain Reload Profiling:
	ReloadAssembly (811ms)
		BeginReloadAssembly (105ms)
			ExecutionOrderSort (0ms)
			DisableScriptedObjects (3ms)
			BackupInstance (0ms)
			ReleaseScriptingObjects (0ms)
			CreateAndSetChildDomain (28ms)
		EndReloadAssembly (627ms)
			LoadAssemblies (72ms)
			RebuildTransferFunctionScriptingTraits (0ms)
			SetupTypeCache (224ms)
			ReleaseScriptCaches (1ms)
			RebuildScriptCaches (34ms)
			SetupLoadedEditorAssemblies (261ms)
				LogAssemblyErrors (0ms)
				InitializePlatformSupportModulesInManaged (11ms)
				SetLoadedEditorAssemblies (0ms)
				RefreshPlugins (0ms)
				BeforeProcessingInitializeOnLoad (49ms)
				ProcessInitializeOnLoadAttributes (174ms)
				ProcessInitializeOnLoadMethodAttributes (20ms)
				AfterProcessingInitializeOnLoad (5ms)
				EditorAssembliesLoaded (0ms)
			ExecutionOrderSort2 (0ms)
			AwakeInstancesAfterBackupRestoration (6ms)
Platform modules already initialized, skipping
Refreshing native plugins compatible for Editor in 2.36 ms, found 3 plugins.
Preloading 0 native plugins for Editor in 0.00 ms.
Unloading 3413 Unused Serialized files (Serialized files now loaded: 0)
Unloading 20 unused Assets / (80.3 KB). Loaded Objects now: 3925.
Memory consumption went from 127.4 MB to 127.3 MB.
Total: 2.481600 ms (FindLiveObjects: 0.197400 ms CreateObjectMapping: 0.092300 ms MarkObjects: 2.097700 ms  DeleteObjects: 0.093000 ms)

AssetImportParameters requested are different than current active one (requested -> active):
  custom:video-decoder-ogg-theora: a1e56fd34408186e4bbccfd4996cb3dc -> 
  custom:container-muxer-webm: aa71ff27fc2769a1b78a27578f13a17b -> 
  custom:container-demuxer-webm: 4f35f7cbe854078d1ac9338744f61a02 -> 
  custom:video-encoder-webm-vp8: eb34c28f22e8b96e1ab97ce403110664 -> 
  custom:audio-encoder-webm-vorbis: bf7c407c2cedff20999df2af8eb42d56 -> 
  custom:framework-win-MediaFoundation: 216162199b28c13a410421893ffa2e32 -> 
  custom:container-demuxer-ogg: 62fdf1f143b41e24485cea50d1cbac27 -> 
  custom:video-decoder-webm-vp8: 9c59270c3fd7afecdb556c50c9e8de78 -> 
  custom:audio-decoder-ogg-vorbis: bf7c407c2cedff20999df2af8eb42d56 -> 
Editor requested this worker to shutdown with reason: Scaling down because of idle timeout
AssetImportWorker is now disconnected from the server
Process exiting
Exiting without the bug reporter. Application will terminate with return code 0